五月 08, 2018 10:08:38 上午 org.apache.catalina.core.AprLifecycleListener init
信息: Loaded APR based Apache Tomcat Native library 1.1.31 using APR version 1.4.8.
五月 08, 2018 10:08:38 上午 org.apache.catalina.core.AprLifecycleListener init
信息: APR capabilities: IPv6 [true], sendfile [true], accept filters [false], random [true].
五月 08, 2018 10:08:38 上午 org.apache.catalina.core.AprLifecycleListener initializeSSL
信息: OpenSSL successfully initialized (OpenSSL 1.0.1h 5 Jun 2014)
五月 08, 2018 10:08:38 上午 org.apache.coyote.AbstractProtocol init
信息: Initializing ProtocolHandler ["http-apr-8282"]
五月 08, 2018 10:08:38 上午 org.apache.coyote.AbstractProtocol init
信息: Initializing ProtocolHandler ["ajp-apr-8009"]
五月 08, 2018 10:08:38 上午 org.apache.coyote.AbstractProtocol init
严重: Failed to initialize end point associated with ProtocolHandler ["ajp-apr-8009"]
java.lang.Exception: Socket bind failed: [730048] ?????????×???(Э?é/???????/???)????í??
	at org.apache.tomcat.util.net.AprEndpoint.bind(AprEndpoint.java:431)
	at org.apache.tomcat.util.net.AbstractEndpoint.init(AbstractEndpoint.java:646)
	at org.apache.coyote.AbstractProtocol.init(AbstractProtocol.java:434)
	at org.apache.catalina.connector.Connector.initInternal(Connector.java:978)
	at org.apache.catalina.util.LifecycleBase.init(LifecycleBase.java:102)
	at org.apache.catalina.core.StandardService.initInternal(StandardService.java:559)
	at org.apache.catalina.util.LifecycleBase.init(LifecycleBase.java:102)
	at org.apache.catalina.core.StandardServer.initInternal(StandardServer.java:821)
	at org.apache.catalina.util.LifecycleBase.init(LifecycleBase.java:102)
	at org.apache.catalina.startup.Catalina.load(Catalina.java:638)
	at org.apache.catalina.startup.Catalina.load(Catalina.java:663)
	at sun.reflect.NativeMethodAccessorImpl.invoke0(Native Method)
	at sun.reflect.NativeMethodAccessorImpl.invoke(NativeMethodAccessorImpl.java:57)
	at sun.reflect.DelegatingMethodAccessorImpl.invoke(DelegatingMethodAccessorImpl.java:43)
	at java.lang.reflect.Method.invoke(Method.java:606)
	at org.apache.catalina.startup.Bootstrap.load(Bootstrap.java:280)
	at org.apache.catalina.startup.Bootstrap.main(Bootstrap.java:454)

五月 08, 2018 10:08:38 上午 org.apache.catalina.core.StandardService initInternal
严重: Failed to initialize connector [Connector[AJP/1.3-8009]]
org.apache.catalina.LifecycleException: Failed to initialize component [Connector[AJP/1.3-8009]]
	at org.apache.catalina.util.LifecycleBase.init(LifecycleBase.java:106)
	at org.apache.catalina.core.StandardService.initInternal(StandardService.java:559)
	at org.apache.catalina.util.LifecycleBase.init(LifecycleBase.java:102)
	at org.apache.catalina.core.StandardServer.initInternal(StandardServer.java:821)
	at org.apache.catalina.util.LifecycleBase.init(LifecycleBase.java:102)
	at org.apache.catalina.startup.Catalina.load(Catalina.java:638)
	at org.apache.catalina.startup.Catalina.load(Catalina.java:663)
	at sun.reflect.NativeMethodAccessorImpl.invoke0(Native Method)
	at sun.reflect.NativeMethodAccessorImpl.invoke(NativeMethodAccessorImpl.java:57)
	at sun.reflect.DelegatingMethodAccessorImpl.invoke(DelegatingMethodAccessorImpl.java:43)
	at java.lang.reflect.Method.invoke(Method.java:606)
	at org.apache.catalina.startup.Bootstrap.load(Bootstrap.java:280)
	at org.apache.catalina.startup.Bootstrap.main(Bootstrap.java:454)
Caused by: org.apache.catalina.LifecycleException: Protocol handler initialization failed
	at org.apache.catalina.connector.Connector.initInternal(Connector.java:980)
	at org.apache.catalina.util.LifecycleBase.init(LifecycleBase.java:102)
	... 12 more
Caused by: java.lang.Exception: Socket bind failed: [730048] ?????????×???(Э?é/???????/???)????í??
	at org.apache.tomcat.util.net.AprEndpoint.bind(AprEndpoint.java:431)
	at org.apache.tomcat.util.net.AbstractEndpoint.init(AbstractEndpoint.java:646)
	at org.apache.coyote.AbstractProtocol.init(AbstractProtocol.java:434)
	at org.apache.catalina.connector.Connector.initInternal(Connector.java:978)
	... 13 more

五月 08, 2018 10:08:38 上午 org.apache.catalina.startup.Catalina load
信息: Initialization processed in 1036 ms
五月 08, 2018 10:08:38 上午 org.apache.catalina.core.StandardService startInternal
信息: Starting service Catalina
五月 08, 2018 10:08:38 上午 org.apache.catalina.core.StandardEngine startInternal
信息: Starting Servlet Engine: Apache Tomcat/7.0.55
五月 08, 2018 10:08:38 上午 org.apache.catalina.startup.HostConfig deployDirectory
信息: Deploying web application directory F:\WorkProjects\JTM-MCMS-4.6.3\apache-tomcat-7.0.55\webapps\ROOT
五月 08, 2018 10:08:39 上午 org.apache.catalina.loader.WebappClassLoader validateJarFile
信息: validateJarFile(F:\WorkProjects\JTM-MCMS-4.6.3\apache-tomcat-7.0.55\webapps\ROOT\WEB-INF\lib\javax.servlet-api-3.1.0.jar) - jar not loaded. See Servlet Spec 3.0, section 10.7.2. Offending class: javax/servlet/Servlet.class
五月 08, 2018 10:08:47 上午 org.apache.catalina.startup.TaglibUriRule body
信息: TLD skipped. URI: http://shiro.apache.org/tags is already defined
五月 08, 2018 10:08:53 上午 org.apache.catalina.core.StandardContext startInternal
严重: Error listenerStart
五月 08, 2018 10:08:53 上午 org.apache.catalina.core.StandardContext startInternal
严重: Context [] startup failed due to previous errors
五月 08, 2018 10:08:53 上午 org.apache.catalina.loader.WebappClassLoader clearReferencesJdbc
严重: The web application [] registered the JDBC driver [com.alibaba.druid.proxy.DruidDriver] but failed to unregister it when the web application was stopped. To prevent a memory leak, the JDBC Driver has been forcibly unregistered.
五月 08, 2018 10:08:53 上午 org.apache.catalina.loader.WebappClassLoader clearReferencesJdbc
严重: The web application [] registered the JDBC driver [com.mysql.jdbc.Driver] but failed to unregister it when the web application was stopped. To prevent a memory leak, the JDBC Driver has been forcibly unregistered.
五月 08, 2018 10:08:53 上午 org.apache.catalina.loader.WebappClassLoader clearReferencesThreads
严重: The web application [] appears to have started a thread named [Abandoned connection cleanup thread] but has failed to stop it. This is very likely to create a memory leak.
五月 08, 2018 10:08:53 上午 org.apache.catalina.loader.WebappClassLoader clearReferencesThreads
严重: The web application [] appears to have started a thread named [Druid-ConnectionPool-Create-9546356] but has failed to stop it. This is very likely to create a memory leak.
五月 08, 2018 10:08:53 上午 org.apache.catalina.loader.WebappClassLoader clearReferencesThreads
严重: The web application [] appears to have started a thread named [Druid-ConnectionPool-Destroy-9546356] but has failed to stop it. This is very likely to create a memory leak.
五月 08, 2018 10:08:53 上午 org.apache.catalina.startup.HostConfig deployDirectory
信息: Deployment of web application directory F:\WorkProjects\JTM-MCMS-4.6.3\apache-tomcat-7.0.55\webapps\ROOT has finished in 14,851 ms
五月 08, 2018 10:08:53 上午 org.apache.coyote.AbstractProtocol start
信息: Starting ProtocolHandler ["http-apr-8282"]
五月 08, 2018 10:08:53 上午 org.apache.catalina.startup.Catalina start
信息: Server startup in 14885 ms
五月 08, 2018 10:08:53 上午 org.apache.catalina.core.StandardServer await
严重: StandardServer.await: create[localhost:8005]: 
java.net.BindException: Address already in use: JVM_Bind
	at java.net.DualStackPlainSocketImpl.bind0(Native Method)
	at java.net.DualStackPlainSocketImpl.socketBind(DualStackPlainSocketImpl.java:106)
	at java.net.AbstractPlainSocketImpl.bind(AbstractPlainSocketImpl.java:376)
	at java.net.PlainSocketImpl.bind(PlainSocketImpl.java:190)
	at java.net.ServerSocket.bind(ServerSocket.java:376)
	at java.net.ServerSocket.<init>(ServerSocket.java:237)
	at org.apache.catalina.core.StandardServer.await(StandardServer.java:427)
	at org.apache.catalina.startup.Catalina.await(Catalina.java:777)
	at org.apache.catalina.startup.Catalina.start(Catalina.java:723)
	at sun.reflect.NativeMethodAccessorImpl.invoke0(Native Method)
	at sun.reflect.NativeMethodAccessorImpl.invoke(NativeMethodAccessorImpl.java:57)
	at sun.reflect.DelegatingMethodAccessorImpl.invoke(DelegatingMethodAccessorImpl.java:43)
	at java.lang.reflect.Method.invoke(Method.java:606)
	at org.apache.catalina.startup.Bootstrap.start(Bootstrap.java:321)
	at org.apache.catalina.startup.Bootstrap.main(Bootstrap.java:455)

五月 08, 2018 10:08:53 上午 org.apache.coyote.AbstractProtocol pause
信息: Pausing ProtocolHandler ["http-apr-8282"]
五月 08, 2018 10:08:53 上午 org.apache.coyote.AbstractProtocol pause
信息: Pausing ProtocolHandler ["ajp-apr-8009"]
五月 08, 2018 10:08:53 上午 org.apache.catalina.core.StandardService stopInternal
信息: Stopping service Catalina
五月 08, 2018 10:08:53 上午 org.apache.coyote.AbstractProtocol stop
信息: Stopping ProtocolHandler ["http-apr-8282"]
五月 08, 2018 10:08:53 上午 org.apache.coyote.AbstractProtocol destroy
信息: Destroying ProtocolHandler ["http-apr-8282"]
五月 08, 2018 10:08:53 上午 org.apache.coyote.AbstractProtocol stop
信息: Stopping ProtocolHandler ["ajp-apr-8009"]
五月 08, 2018 10:08:53 上午 org.apache.coyote.AbstractProtocol destroy
信息: Destroying ProtocolHandler ["ajp-apr-8009"]
五月 08, 2018 10:09:40 上午 org.apache.catalina.core.AprLifecycleListener init
信息: Loaded APR based Apache Tomcat Native library 1.1.31 using APR version 1.4.8.
五月 08, 2018 10:09:40 上午 org.apache.catalina.core.AprLifecycleListener init
信息: APR capabilities: IPv6 [true], sendfile [true], accept filters [false], random [true].
五月 08, 2018 10:09:41 上午 org.apache.catalina.core.AprLifecycleListener initializeSSL
信息: OpenSSL successfully initialized (OpenSSL 1.0.1h 5 Jun 2014)
五月 08, 2018 10:09:41 上午 org.apache.coyote.AbstractProtocol init
信息: Initializing ProtocolHandler ["http-apr-8282"]
五月 08, 2018 10:09:41 上午 org.apache.coyote.AbstractProtocol init
信息: Initializing ProtocolHandler ["ajp-apr-8009"]
五月 08, 2018 10:09:41 上午 org.apache.coyote.AbstractProtocol init
严重: Failed to initialize end point associated with ProtocolHandler ["ajp-apr-8009"]
java.lang.Exception: Socket bind failed: [730048] ?????????×???(Э?é/???????/???)????í??
	at org.apache.tomcat.util.net.AprEndpoint.bind(AprEndpoint.java:431)
	at org.apache.tomcat.util.net.AbstractEndpoint.init(AbstractEndpoint.java:646)
	at org.apache.coyote.AbstractProtocol.init(AbstractProtocol.java:434)
	at org.apache.catalina.connector.Connector.initInternal(Connector.java:978)
	at org.apache.catalina.util.LifecycleBase.init(LifecycleBase.java:102)
	at org.apache.catalina.core.StandardService.initInternal(StandardService.java:559)
	at org.apache.catalina.util.LifecycleBase.init(LifecycleBase.java:102)
	at org.apache.catalina.core.StandardServer.initInternal(StandardServer.java:821)
	at org.apache.catalina.util.LifecycleBase.init(LifecycleBase.java:102)
	at org.apache.catalina.startup.Catalina.load(Catalina.java:638)
	at org.apache.catalina.startup.Catalina.load(Catalina.java:663)
	at sun.reflect.NativeMethodAccessorImpl.invoke0(Native Method)
	at sun.reflect.NativeMethodAccessorImpl.invoke(NativeMethodAccessorImpl.java:57)
	at sun.reflect.DelegatingMethodAccessorImpl.invoke(DelegatingMethodAccessorImpl.java:43)
	at java.lang.reflect.Method.invoke(Method.java:606)
	at org.apache.catalina.startup.Bootstrap.load(Bootstrap.java:280)
	at org.apache.catalina.startup.Bootstrap.main(Bootstrap.java:454)

五月 08, 2018 10:09:41 上午 org.apache.catalina.core.StandardService initInternal
严重: Failed to initialize connector [Connector[AJP/1.3-8009]]
org.apache.catalina.LifecycleException: Failed to initialize component [Connector[AJP/1.3-8009]]
	at org.apache.catalina.util.LifecycleBase.init(LifecycleBase.java:106)
	at org.apache.catalina.core.StandardService.initInternal(StandardService.java:559)
	at org.apache.catalina.util.LifecycleBase.init(LifecycleBase.java:102)
	at org.apache.catalina.core.StandardServer.initInternal(StandardServer.java:821)
	at org.apache.catalina.util.LifecycleBase.init(LifecycleBase.java:102)
	at org.apache.catalina.startup.Catalina.load(Catalina.java:638)
	at org.apache.catalina.startup.Catalina.load(Catalina.java:663)
	at sun.reflect.NativeMethodAccessorImpl.invoke0(Native Method)
	at sun.reflect.NativeMethodAccessorImpl.invoke(NativeMethodAccessorImpl.java:57)
	at sun.reflect.DelegatingMethodAccessorImpl.invoke(DelegatingMethodAccessorImpl.java:43)
	at java.lang.reflect.Method.invoke(Method.java:606)
	at org.apache.catalina.startup.Bootstrap.load(Bootstrap.java:280)
	at org.apache.catalina.startup.Bootstrap.main(Bootstrap.java:454)
Caused by: org.apache.catalina.LifecycleException: Protocol handler initialization failed
	at org.apache.catalina.connector.Connector.initInternal(Connector.java:980)
	at org.apache.catalina.util.LifecycleBase.init(LifecycleBase.java:102)
	... 12 more
Caused by: java.lang.Exception: Socket bind failed: [730048] ?????????×???(Э?é/???????/???)????í??
	at org.apache.tomcat.util.net.AprEndpoint.bind(AprEndpoint.java:431)
	at org.apache.tomcat.util.net.AbstractEndpoint.init(AbstractEndpoint.java:646)
	at org.apache.coyote.AbstractProtocol.init(AbstractProtocol.java:434)
	at org.apache.catalina.connector.Connector.initInternal(Connector.java:978)
	... 13 more

五月 08, 2018 10:09:41 上午 org.apache.catalina.startup.Catalina load
信息: Initialization processed in 995 ms
五月 08, 2018 10:09:41 上午 org.apache.catalina.core.StandardService startInternal
信息: Starting service Catalina
五月 08, 2018 10:09:41 上午 org.apache.catalina.core.StandardEngine startInternal
信息: Starting Servlet Engine: Apache Tomcat/7.0.55
五月 08, 2018 10:09:41 上午 org.apache.catalina.startup.HostConfig deployDirectory
信息: Deploying web application directory F:\WorkProjects\JTM-MCMS-4.6.3\apache-tomcat-7.0.55\webapps\ROOT
五月 08, 2018 10:09:41 上午 org.apache.catalina.loader.WebappClassLoader validateJarFile
信息: validateJarFile(F:\WorkProjects\JTM-MCMS-4.6.3\apache-tomcat-7.0.55\webapps\ROOT\WEB-INF\lib\javax.servlet-api-3.1.0.jar) - jar not loaded. See Servlet Spec 3.0, section 10.7.2. Offending class: javax/servlet/Servlet.class
五月 08, 2018 10:09:49 上午 org.apache.catalina.startup.TaglibUriRule body
信息: TLD skipped. URI: http://shiro.apache.org/tags is already defined
五月 08, 2018 10:09:55 上午 org.apache.catalina.core.StandardContext startInternal
严重: Error listenerStart
五月 08, 2018 10:09:55 上午 org.apache.catalina.core.StandardContext startInternal
严重: Context [] startup failed due to previous errors
五月 08, 2018 10:09:55 上午 org.apache.catalina.loader.WebappClassLoader clearReferencesJdbc
严重: The web application [] registered the JDBC driver [com.alibaba.druid.proxy.DruidDriver] but failed to unregister it when the web application was stopped. To prevent a memory leak, the JDBC Driver has been forcibly unregistered.
五月 08, 2018 10:09:55 上午 org.apache.catalina.loader.WebappClassLoader clearReferencesJdbc
严重: The web application [] registered the JDBC driver [com.mysql.jdbc.Driver] but failed to unregister it when the web application was stopped. To prevent a memory leak, the JDBC Driver has been forcibly unregistered.
五月 08, 2018 10:09:55 上午 org.apache.catalina.loader.WebappClassLoader clearReferencesThreads
严重: The web application [] appears to have started a thread named [Abandoned connection cleanup thread] but has failed to stop it. This is very likely to create a memory leak.
五月 08, 2018 10:09:55 上午 org.apache.catalina.loader.WebappClassLoader clearReferencesThreads
严重: The web application [] appears to have started a thread named [Druid-ConnectionPool-Create-30483217] but has failed to stop it. This is very likely to create a memory leak.
五月 08, 2018 10:09:55 上午 org.apache.catalina.loader.WebappClassLoader clearReferencesThreads
严重: The web application [] appears to have started a thread named [Druid-ConnectionPool-Destroy-30483217] but has failed to stop it. This is very likely to create a memory leak.
五月 08, 2018 10:09:55 上午 org.apache.catalina.startup.HostConfig deployDirectory
信息: Deployment of web application directory F:\WorkProjects\JTM-MCMS-4.6.3\apache-tomcat-7.0.55\webapps\ROOT has finished in 14,479 ms
五月 08, 2018 10:09:55 上午 org.apache.coyote.AbstractProtocol start
信息: Starting ProtocolHandler ["http-apr-8282"]
五月 08, 2018 10:09:55 上午 org.apache.catalina.startup.Catalina start
信息: Server startup in 14515 ms
五月 08, 2018 10:09:55 上午 org.apache.catalina.core.StandardServer await
严重: StandardServer.await: create[localhost:8005]: 
java.net.BindException: Address already in use: JVM_Bind
	at java.net.DualStackPlainSocketImpl.bind0(Native Method)
	at java.net.DualStackPlainSocketImpl.socketBind(DualStackPlainSocketImpl.java:106)
	at java.net.AbstractPlainSocketImpl.bind(AbstractPlainSocketImpl.java:376)
	at java.net.PlainSocketImpl.bind(PlainSocketImpl.java:190)
	at java.net.ServerSocket.bind(ServerSocket.java:376)
	at java.net.ServerSocket.<init>(ServerSocket.java:237)
	at org.apache.catalina.core.StandardServer.await(StandardServer.java:427)
	at org.apache.catalina.startup.Catalina.await(Catalina.java:777)
	at org.apache.catalina.startup.Catalina.start(Catalina.java:723)
	at sun.reflect.NativeMethodAccessorImpl.invoke0(Native Method)
	at sun.reflect.NativeMethodAccessorImpl.invoke(NativeMethodAccessorImpl.java:57)
	at sun.reflect.DelegatingMethodAccessorImpl.invoke(DelegatingMethodAccessorImpl.java:43)
	at java.lang.reflect.Method.invoke(Method.java:606)
	at org.apache.catalina.startup.Bootstrap.start(Bootstrap.java:321)
	at org.apache.catalina.startup.Bootstrap.main(Bootstrap.java:455)

五月 08, 2018 10:09:55 上午 org.apache.coyote.AbstractProtocol pause
信息: Pausing ProtocolHandler ["http-apr-8282"]
五月 08, 2018 10:09:55 上午 org.apache.coyote.AbstractProtocol pause
信息: Pausing ProtocolHandler ["ajp-apr-8009"]
五月 08, 2018 10:09:55 上午 org.apache.catalina.core.StandardService stopInternal
信息: Stopping service Catalina
五月 08, 2018 10:09:55 上午 org.apache.coyote.AbstractProtocol stop
信息: Stopping ProtocolHandler ["http-apr-8282"]
五月 08, 2018 10:09:55 上午 org.apache.coyote.AbstractProtocol destroy
信息: Destroying ProtocolHandler ["http-apr-8282"]
五月 08, 2018 10:09:55 上午 org.apache.coyote.AbstractProtocol stop
信息: Stopping ProtocolHandler ["ajp-apr-8009"]
五月 08, 2018 10:09:55 上午 org.apache.coyote.AbstractProtocol destroy
信息: Destroying ProtocolHandler ["ajp-apr-8009"]
五月 08, 2018 10:14:03 上午 org.apache.catalina.core.AprLifecycleListener init
信息: Loaded APR based Apache Tomcat Native library 1.1.31 using APR version 1.4.8.
五月 08, 2018 10:14:03 上午 org.apache.catalina.core.AprLifecycleListener init
信息: APR capabilities: IPv6 [true], sendfile [true], accept filters [false], random [true].
五月 08, 2018 10:14:03 上午 org.apache.catalina.core.AprLifecycleListener initializeSSL
信息: OpenSSL successfully initialized (OpenSSL 1.0.1h 5 Jun 2014)
五月 08, 2018 10:14:03 上午 org.apache.coyote.AbstractProtocol init
信息: Initializing ProtocolHandler ["http-apr-8282"]
五月 08, 2018 10:14:03 上午 org.apache.coyote.AbstractProtocol init
信息: Initializing ProtocolHandler ["ajp-apr-8009"]
五月 08, 2018 10:14:03 上午 org.apache.coyote.AbstractProtocol init
严重: Failed to initialize end point associated with ProtocolHandler ["ajp-apr-8009"]
java.lang.Exception: Socket bind failed: [730048] ?????????×???(Э?é/???????/???)????í??
	at org.apache.tomcat.util.net.AprEndpoint.bind(AprEndpoint.java:431)
	at org.apache.tomcat.util.net.AbstractEndpoint.init(AbstractEndpoint.java:646)
	at org.apache.coyote.AbstractProtocol.init(AbstractProtocol.java:434)
	at org.apache.catalina.connector.Connector.initInternal(Connector.java:978)
	at org.apache.catalina.util.LifecycleBase.init(LifecycleBase.java:102)
	at org.apache.catalina.core.StandardService.initInternal(StandardService.java:559)
	at org.apache.catalina.util.LifecycleBase.init(LifecycleBase.java:102)
	at org.apache.catalina.core.StandardServer.initInternal(StandardServer.java:821)
	at org.apache.catalina.util.LifecycleBase.init(LifecycleBase.java:102)
	at org.apache.catalina.startup.Catalina.load(Catalina.java:638)
	at org.apache.catalina.startup.Catalina.load(Catalina.java:663)
	at sun.reflect.NativeMethodAccessorImpl.invoke0(Native Method)
	at sun.reflect.NativeMethodAccessorImpl.invoke(NativeMethodAccessorImpl.java:57)
	at sun.reflect.DelegatingMethodAccessorImpl.invoke(DelegatingMethodAccessorImpl.java:43)
	at java.lang.reflect.Method.invoke(Method.java:606)
	at org.apache.catalina.startup.Bootstrap.load(Bootstrap.java:280)
	at org.apache.catalina.startup.Bootstrap.main(Bootstrap.java:454)

五月 08, 2018 10:14:03 上午 org.apache.catalina.core.StandardService initInternal
严重: Failed to initialize connector [Connector[AJP/1.3-8009]]
org.apache.catalina.LifecycleException: Failed to initialize component [Connector[AJP/1.3-8009]]
	at org.apache.catalina.util.LifecycleBase.init(LifecycleBase.java:106)
	at org.apache.catalina.core.StandardService.initInternal(StandardService.java:559)
	at org.apache.catalina.util.LifecycleBase.init(LifecycleBase.java:102)
	at org.apache.catalina.core.StandardServer.initInternal(StandardServer.java:821)
	at org.apache.catalina.util.LifecycleBase.init(LifecycleBase.java:102)
	at org.apache.catalina.startup.Catalina.load(Catalina.java:638)
	at org.apache.catalina.startup.Catalina.load(Catalina.java:663)
	at sun.reflect.NativeMethodAccessorImpl.invoke0(Native Method)
	at sun.reflect.NativeMethodAccessorImpl.invoke(NativeMethodAccessorImpl.java:57)
	at sun.reflect.DelegatingMethodAccessorImpl.invoke(DelegatingMethodAccessorImpl.java:43)
	at java.lang.reflect.Method.invoke(Method.java:606)
	at org.apache.catalina.startup.Bootstrap.load(Bootstrap.java:280)
	at org.apache.catalina.startup.Bootstrap.main(Bootstrap.java:454)
Caused by: org.apache.catalina.LifecycleException: Protocol handler initialization failed
	at org.apache.catalina.connector.Connector.initInternal(Connector.java:980)
	at org.apache.catalina.util.LifecycleBase.init(LifecycleBase.java:102)
	... 12 more
Caused by: java.lang.Exception: Socket bind failed: [730048] ?????????×???(Э?é/???????/???)????í??
	at org.apache.tomcat.util.net.AprEndpoint.bind(AprEndpoint.java:431)
	at org.apache.tomcat.util.net.AbstractEndpoint.init(AbstractEndpoint.java:646)
	at org.apache.coyote.AbstractProtocol.init(AbstractProtocol.java:434)
	at org.apache.catalina.connector.Connector.initInternal(Connector.java:978)
	... 13 more

五月 08, 2018 10:14:03 上午 org.apache.catalina.startup.Catalina load
信息: Initialization processed in 997 ms
五月 08, 2018 10:14:03 上午 org.apache.catalina.core.StandardService startInternal
信息: Starting service Catalina
五月 08, 2018 10:14:03 上午 org.apache.catalina.core.StandardEngine startInternal
信息: Starting Servlet Engine: Apache Tomcat/7.0.55
五月 08, 2018 10:14:03 上午 org.apache.catalina.startup.HostConfig deployDirectory
信息: Deploying web application directory F:\WorkProjects\JTM-MCMS-4.6.3\apache-tomcat-7.0.55\webapps\ROOT
五月 08, 2018 10:14:04 上午 org.apache.catalina.loader.WebappClassLoader validateJarFile
信息: validateJarFile(F:\WorkProjects\JTM-MCMS-4.6.3\apache-tomcat-7.0.55\webapps\ROOT\WEB-INF\lib\javax.servlet-api-3.1.0.jar) - jar not loaded. See Servlet Spec 3.0, section 10.7.2. Offending class: javax/servlet/Servlet.class
五月 08, 2018 10:14:11 上午 org.apache.catalina.startup.TaglibUriRule body
信息: TLD skipped. URI: http://shiro.apache.org/tags is already defined
五月 08, 2018 10:14:18 上午 org.apache.catalina.core.StandardContext startInternal
严重: Error listenerStart
五月 08, 2018 10:14:18 上午 org.apache.catalina.core.StandardContext startInternal
严重: Context [] startup failed due to previous errors
五月 08, 2018 10:14:18 上午 org.apache.catalina.loader.WebappClassLoader clearReferencesJdbc
严重: The web application [] registered the JDBC driver [com.alibaba.druid.proxy.DruidDriver] but failed to unregister it when the web application was stopped. To prevent a memory leak, the JDBC Driver has been forcibly unregistered.
五月 08, 2018 10:14:18 上午 org.apache.catalina.loader.WebappClassLoader clearReferencesJdbc
严重: The web application [] registered the JDBC driver [com.mysql.jdbc.Driver] but failed to unregister it when the web application was stopped. To prevent a memory leak, the JDBC Driver has been forcibly unregistered.
五月 08, 2018 10:14:18 上午 org.apache.catalina.loader.WebappClassLoader clearReferencesThreads
严重: The web application [] appears to have started a thread named [Abandoned connection cleanup thread] but has failed to stop it. This is very likely to create a memory leak.
五月 08, 2018 10:14:18 上午 org.apache.catalina.loader.WebappClassLoader clearReferencesThreads
严重: The web application [] appears to have started a thread named [Druid-ConnectionPool-Create-15025329] but has failed to stop it. This is very likely to create a memory leak.
五月 08, 2018 10:14:18 上午 org.apache.catalina.loader.WebappClassLoader clearReferencesThreads
严重: The web application [] appears to have started a thread named [Druid-ConnectionPool-Destroy-15025329] but has failed to stop it. This is very likely to create a memory leak.
五月 08, 2018 10:14:18 上午 org.apache.catalina.startup.HostConfig deployDirectory
信息: Deployment of web application directory F:\WorkProjects\JTM-MCMS-4.6.3\apache-tomcat-7.0.55\webapps\ROOT has finished in 14,484 ms
五月 08, 2018 10:14:18 上午 org.apache.coyote.AbstractProtocol start
信息: Starting ProtocolHandler ["http-apr-8282"]
五月 08, 2018 10:14:18 上午 org.apache.catalina.startup.Catalina start
信息: Server startup in 14518 ms
五月 08, 2018 10:14:18 上午 org.apache.catalina.core.StandardServer await
严重: StandardServer.await: create[localhost:8005]: 
java.net.BindException: Address already in use: JVM_Bind
	at java.net.DualStackPlainSocketImpl.bind0(Native Method)
	at java.net.DualStackPlainSocketImpl.socketBind(DualStackPlainSocketImpl.java:106)
	at java.net.AbstractPlainSocketImpl.bind(AbstractPlainSocketImpl.java:376)
	at java.net.PlainSocketImpl.bind(PlainSocketImpl.java:190)
	at java.net.ServerSocket.bind(ServerSocket.java:376)
	at java.net.ServerSocket.<init>(ServerSocket.java:237)
	at org.apache.catalina.core.StandardServer.await(StandardServer.java:427)
	at org.apache.catalina.startup.Catalina.await(Catalina.java:777)
	at org.apache.catalina.startup.Catalina.start(Catalina.java:723)
	at sun.reflect.NativeMethodAccessorImpl.invoke0(Native Method)
	at sun.reflect.NativeMethodAccessorImpl.invoke(NativeMethodAccessorImpl.java:57)
	at sun.reflect.DelegatingMethodAccessorImpl.invoke(DelegatingMethodAccessorImpl.java:43)
	at java.lang.reflect.Method.invoke(Method.java:606)
	at org.apache.catalina.startup.Bootstrap.start(Bootstrap.java:321)
	at org.apache.catalina.startup.Bootstrap.main(Bootstrap.java:455)

五月 08, 2018 10:14:18 上午 org.apache.coyote.AbstractProtocol pause
信息: Pausing ProtocolHandler ["http-apr-8282"]
五月 08, 2018 10:14:18 上午 org.apache.coyote.AbstractProtocol pause
信息: Pausing ProtocolHandler ["ajp-apr-8009"]
五月 08, 2018 10:14:18 上午 org.apache.catalina.core.StandardService stopInternal
信息: Stopping service Catalina
五月 08, 2018 10:14:18 上午 org.apache.coyote.AbstractProtocol stop
信息: Stopping ProtocolHandler ["http-apr-8282"]
五月 08, 2018 10:14:18 上午 org.apache.coyote.AbstractProtocol destroy
信息: Destroying ProtocolHandler ["http-apr-8282"]
五月 08, 2018 10:14:18 上午 org.apache.coyote.AbstractProtocol stop
信息: Stopping ProtocolHandler ["ajp-apr-8009"]
五月 08, 2018 10:14:18 上午 org.apache.coyote.AbstractProtocol destroy
信息: Destroying ProtocolHandler ["ajp-apr-8009"]
五月 08, 2018 10:16:36 上午 org.apache.catalina.core.AprLifecycleListener init
信息: Loaded APR based Apache Tomcat Native library 1.1.31 using APR version 1.4.8.
五月 08, 2018 10:16:36 上午 org.apache.catalina.core.AprLifecycleListener init
信息: APR capabilities: IPv6 [true], sendfile [true], accept filters [false], random [true].
五月 08, 2018 10:16:37 上午 org.apache.catalina.core.AprLifecycleListener initializeSSL
信息: OpenSSL successfully initialized (OpenSSL 1.0.1h 5 Jun 2014)
五月 08, 2018 10:16:37 上午 org.apache.coyote.AbstractProtocol init
信息: Initializing ProtocolHandler ["http-apr-8282"]
五月 08, 2018 10:16:37 上午 org.apache.coyote.AbstractProtocol init
信息: Initializing ProtocolHandler ["ajp-apr-8009"]
五月 08, 2018 10:16:37 上午 org.apache.coyote.AbstractProtocol init
严重: Failed to initialize end point associated with ProtocolHandler ["ajp-apr-8009"]
java.lang.Exception: Socket bind failed: [730048] ?????????×???(Э?é/???????/???)????í??
	at org.apache.tomcat.util.net.AprEndpoint.bind(AprEndpoint.java:431)
	at org.apache.tomcat.util.net.AbstractEndpoint.init(AbstractEndpoint.java:646)
	at org.apache.coyote.AbstractProtocol.init(AbstractProtocol.java:434)
	at org.apache.catalina.connector.Connector.initInternal(Connector.java:978)
	at org.apache.catalina.util.LifecycleBase.init(LifecycleBase.java:102)
	at org.apache.catalina.core.StandardService.initInternal(StandardService.java:559)
	at org.apache.catalina.util.LifecycleBase.init(LifecycleBase.java:102)
	at org.apache.catalina.core.StandardServer.initInternal(StandardServer.java:821)
	at org.apache.catalina.util.LifecycleBase.init(LifecycleBase.java:102)
	at org.apache.catalina.startup.Catalina.load(Catalina.java:638)
	at org.apache.catalina.startup.Catalina.load(Catalina.java:663)
	at sun.reflect.NativeMethodAccessorImpl.invoke0(Native Method)
	at sun.reflect.NativeMethodAccessorImpl.invoke(NativeMethodAccessorImpl.java:57)
	at sun.reflect.DelegatingMethodAccessorImpl.invoke(DelegatingMethodAccessorImpl.java:43)
	at java.lang.reflect.Method.invoke(Method.java:606)
	at org.apache.catalina.startup.Bootstrap.load(Bootstrap.java:280)
	at org.apache.catalina.startup.Bootstrap.main(Bootstrap.java:454)

五月 08, 2018 10:16:37 上午 org.apache.catalina.core.StandardService initInternal
严重: Failed to initialize connector [Connector[AJP/1.3-8009]]
org.apache.catalina.LifecycleException: Failed to initialize component [Connector[AJP/1.3-8009]]
	at org.apache.catalina.util.LifecycleBase.init(LifecycleBase.java:106)
	at org.apache.catalina.core.StandardService.initInternal(StandardService.java:559)
	at org.apache.catalina.util.LifecycleBase.init(LifecycleBase.java:102)
	at org.apache.catalina.core.StandardServer.initInternal(StandardServer.java:821)
	at org.apache.catalina.util.LifecycleBase.init(LifecycleBase.java:102)
	at org.apache.catalina.startup.Catalina.load(Catalina.java:638)
	at org.apache.catalina.startup.Catalina.load(Catalina.java:663)
	at sun.reflect.NativeMethodAccessorImpl.invoke0(Native Method)
	at sun.reflect.NativeMethodAccessorImpl.invoke(NativeMethodAccessorImpl.java:57)
	at sun.reflect.DelegatingMethodAccessorImpl.invoke(DelegatingMethodAccessorImpl.java:43)
	at java.lang.reflect.Method.invoke(Method.java:606)
	at org.apache.catalina.startup.Bootstrap.load(Bootstrap.java:280)
	at org.apache.catalina.startup.Bootstrap.main(Bootstrap.java:454)
Caused by: org.apache.catalina.LifecycleException: Protocol handler initialization failed
	at org.apache.catalina.connector.Connector.initInternal(Connector.java:980)
	at org.apache.catalina.util.LifecycleBase.init(LifecycleBase.java:102)
	... 12 more
Caused by: java.lang.Exception: Socket bind failed: [730048] ?????????×???(Э?é/???????/???)????í??
	at org.apache.tomcat.util.net.AprEndpoint.bind(AprEndpoint.java:431)
	at org.apache.tomcat.util.net.AbstractEndpoint.init(AbstractEndpoint.java:646)
	at org.apache.coyote.AbstractProtocol.init(AbstractProtocol.java:434)
	at org.apache.catalina.connector.Connector.initInternal(Connector.java:978)
	... 13 more

五月 08, 2018 10:16:37 上午 org.apache.catalina.startup.Catalina load
信息: Initialization processed in 1031 ms
五月 08, 2018 10:16:37 上午 org.apache.catalina.core.StandardService startInternal
信息: Starting service Catalina
五月 08, 2018 10:16:37 上午 org.apache.catalina.core.StandardEngine startInternal
信息: Starting Servlet Engine: Apache Tomcat/7.0.55
五月 08, 2018 10:16:37 上午 org.apache.catalina.startup.HostConfig deployDirectory
信息: Deploying web application directory F:\WorkProjects\JTM-MCMS-4.6.3\apache-tomcat-7.0.55\webapps\ROOT
五月 08, 2018 10:16:37 上午 org.apache.catalina.loader.WebappClassLoader validateJarFile
信息: validateJarFile(F:\WorkProjects\JTM-MCMS-4.6.3\apache-tomcat-7.0.55\webapps\ROOT\WEB-INF\lib\javax.servlet-api-3.1.0.jar) - jar not loaded. See Servlet Spec 3.0, section 10.7.2. Offending class: javax/servlet/Servlet.class
五月 08, 2018 10:16:46 上午 org.apache.catalina.startup.TaglibUriRule body
信息: TLD skipped. URI: http://shiro.apache.org/tags is already defined
五月 08, 2018 10:16:53 上午 org.apache.catalina.core.StandardContext startInternal
严重: Error listenerStart
五月 08, 2018 10:16:53 上午 org.apache.catalina.core.StandardContext startInternal
严重: Context [] startup failed due to previous errors
五月 08, 2018 10:16:53 上午 org.apache.catalina.loader.WebappClassLoader clearReferencesJdbc
严重: The web application [] registered the JDBC driver [com.alibaba.druid.proxy.DruidDriver] but failed to unregister it when the web application was stopped. To prevent a memory leak, the JDBC Driver has been forcibly unregistered.
五月 08, 2018 10:16:53 上午 org.apache.catalina.loader.WebappClassLoader clearReferencesJdbc
严重: The web application [] registered the JDBC driver [com.mysql.jdbc.Driver] but failed to unregister it when the web application was stopped. To prevent a memory leak, the JDBC Driver has been forcibly unregistered.
五月 08, 2018 10:16:53 上午 org.apache.catalina.loader.WebappClassLoader clearReferencesThreads
严重: The web application [] appears to have started a thread named [Abandoned connection cleanup thread] but has failed to stop it. This is very likely to create a memory leak.
五月 08, 2018 10:16:53 上午 org.apache.catalina.loader.WebappClassLoader clearReferencesThreads
严重: The web application [] appears to have started a thread named [Druid-ConnectionPool-Create-19004088] but has failed to stop it. This is very likely to create a memory leak.
五月 08, 2018 10:16:53 上午 org.apache.catalina.loader.WebappClassLoader clearReferencesThreads
严重: The web application [] appears to have started a thread named [Druid-ConnectionPool-Destroy-19004088] but has failed to stop it. This is very likely to create a memory leak.
五月 08, 2018 10:16:53 上午 org.apache.catalina.startup.HostConfig deployDirectory
信息: Deployment of web application directory F:\WorkProjects\JTM-MCMS-4.6.3\apache-tomcat-7.0.55\webapps\ROOT has finished in 15,681 ms
五月 08, 2018 10:16:53 上午 org.apache.coyote.AbstractProtocol start
信息: Starting ProtocolHandler ["http-apr-8282"]
五月 08, 2018 10:16:53 上午 org.apache.catalina.startup.Catalina start
信息: Server startup in 15717 ms
五月 08, 2018 10:16:53 上午 org.apache.catalina.core.StandardServer await
严重: StandardServer.await: create[localhost:8005]: 
java.net.BindException: Address already in use: JVM_Bind
	at java.net.DualStackPlainSocketImpl.bind0(Native Method)
	at java.net.DualStackPlainSocketImpl.socketBind(DualStackPlainSocketImpl.java:106)
	at java.net.AbstractPlainSocketImpl.bind(AbstractPlainSocketImpl.java:376)
	at java.net.PlainSocketImpl.bind(PlainSocketImpl.java:190)
	at java.net.ServerSocket.bind(ServerSocket.java:376)
	at java.net.ServerSocket.<init>(ServerSocket.java:237)
	at org.apache.catalina.core.StandardServer.await(StandardServer.java:427)
	at org.apache.catalina.startup.Catalina.await(Catalina.java:777)
	at org.apache.catalina.startup.Catalina.start(Catalina.java:723)
	at sun.reflect.NativeMethodAccessorImpl.invoke0(Native Method)
	at sun.reflect.NativeMethodAccessorImpl.invoke(NativeMethodAccessorImpl.java:57)
	at sun.reflect.DelegatingMethodAccessorImpl.invoke(DelegatingMethodAccessorImpl.java:43)
	at java.lang.reflect.Method.invoke(Method.java:606)
	at org.apache.catalina.startup.Bootstrap.start(Bootstrap.java:321)
	at org.apache.catalina.startup.Bootstrap.main(Bootstrap.java:455)

五月 08, 2018 10:16:53 上午 org.apache.coyote.AbstractProtocol pause
信息: Pausing ProtocolHandler ["http-apr-8282"]
五月 08, 2018 10:16:53 上午 org.apache.coyote.AbstractProtocol pause
信息: Pausing ProtocolHandler ["ajp-apr-8009"]
五月 08, 2018 10:16:53 上午 org.apache.catalina.core.StandardService stopInternal
信息: Stopping service Catalina
五月 08, 2018 10:16:53 上午 org.apache.coyote.AbstractProtocol stop
信息: Stopping ProtocolHandler ["http-apr-8282"]
五月 08, 2018 10:16:53 上午 org.apache.coyote.AbstractProtocol destroy
信息: Destroying ProtocolHandler ["http-apr-8282"]
五月 08, 2018 10:16:53 上午 org.apache.coyote.AbstractProtocol stop
信息: Stopping ProtocolHandler ["ajp-apr-8009"]
五月 08, 2018 10:16:53 上午 org.apache.coyote.AbstractProtocol destroy
信息: Destroying ProtocolHandler ["ajp-apr-8009"]
五月 08, 2018 10:18:59 上午 org.apache.catalina.core.AprLifecycleListener init
信息: Loaded APR based Apache Tomcat Native library 1.1.31 using APR version 1.4.8.
五月 08, 2018 10:18:59 上午 org.apache.catalina.core.AprLifecycleListener init
信息: APR capabilities: IPv6 [true], sendfile [true], accept filters [false], random [true].
五月 08, 2018 10:19:00 上午 org.apache.catalina.core.AprLifecycleListener initializeSSL
信息: OpenSSL successfully initialized (OpenSSL 1.0.1h 5 Jun 2014)
五月 08, 2018 10:19:00 上午 org.apache.coyote.AbstractProtocol init
信息: Initializing ProtocolHandler ["http-apr-8282"]
五月 08, 2018 10:19:00 上午 org.apache.coyote.AbstractProtocol init
信息: Initializing ProtocolHandler ["ajp-apr-8009"]
五月 08, 2018 10:19:00 上午 org.apache.catalina.startup.Catalina load
信息: Initialization processed in 938 ms
五月 08, 2018 10:19:00 上午 org.apache.catalina.core.StandardService startInternal
信息: Starting service Catalina
五月 08, 2018 10:19:00 上午 org.apache.catalina.core.StandardEngine startInternal
信息: Starting Servlet Engine: Apache Tomcat/7.0.55
五月 08, 2018 10:19:00 上午 org.apache.catalina.startup.HostConfig deployDirectory
信息: Deploying web application directory F:\WorkProjects\JTM-MCMS-4.6.3\apache-tomcat-7.0.55\webapps\ROOT
五月 08, 2018 10:19:00 上午 org.apache.catalina.loader.WebappClassLoader validateJarFile
信息: validateJarFile(F:\WorkProjects\JTM-MCMS-4.6.3\apache-tomcat-7.0.55\webapps\ROOT\WEB-INF\lib\javax.servlet-api-3.1.0.jar) - jar not loaded. See Servlet Spec 3.0, section 10.7.2. Offending class: javax/servlet/Servlet.class
五月 08, 2018 10:19:08 上午 org.apache.catalina.startup.TaglibUriRule body
信息: TLD skipped. URI: http://shiro.apache.org/tags is already defined
五月 08, 2018 10:19:15 上午 org.apache.catalina.core.StandardContext startInternal
严重: Error listenerStart
五月 08, 2018 10:19:15 上午 org.apache.catalina.core.StandardContext startInternal
严重: Context [] startup failed due to previous errors
五月 08, 2018 10:19:15 上午 org.apache.catalina.loader.WebappClassLoader clearReferencesJdbc
严重: The web application [] registered the JDBC driver [com.alibaba.druid.proxy.DruidDriver] but failed to unregister it when the web application was stopped. To prevent a memory leak, the JDBC Driver has been forcibly unregistered.
五月 08, 2018 10:19:15 上午 org.apache.catalina.loader.WebappClassLoader clearReferencesJdbc
严重: The web application [] registered the JDBC driver [com.mysql.jdbc.Driver] but failed to unregister it when the web application was stopped. To prevent a memory leak, the JDBC Driver has been forcibly unregistered.
五月 08, 2018 10:19:15 上午 org.apache.catalina.loader.WebappClassLoader clearReferencesThreads
严重: The web application [] appears to have started a thread named [Abandoned connection cleanup thread] but has failed to stop it. This is very likely to create a memory leak.
五月 08, 2018 10:19:15 上午 org.apache.catalina.loader.WebappClassLoader clearReferencesThreads
严重: The web application [] appears to have started a thread named [Druid-ConnectionPool-Create-18547113] but has failed to stop it. This is very likely to create a memory leak.
五月 08, 2018 10:19:15 上午 org.apache.catalina.loader.WebappClassLoader clearReferencesThreads
严重: The web application [] appears to have started a thread named [Druid-ConnectionPool-Destroy-18547113] but has failed to stop it. This is very likely to create a memory leak.
五月 08, 2018 10:19:15 上午 org.apache.catalina.startup.HostConfig deployDirectory
信息: Deployment of web application directory F:\WorkProjects\JTM-MCMS-4.6.3\apache-tomcat-7.0.55\webapps\ROOT has finished in 14,740 ms
五月 08, 2018 10:19:15 上午 org.apache.coyote.AbstractProtocol start
信息: Starting ProtocolHandler ["http-apr-8282"]
五月 08, 2018 10:19:15 上午 org.apache.coyote.AbstractProtocol start
信息: Starting ProtocolHandler ["ajp-apr-8009"]
五月 08, 2018 10:19:15 上午 org.apache.catalina.startup.Catalina start
信息: Server startup in 14777 ms
五月 08, 2018 10:19:57 上午 org.apache.coyote.AbstractProtocol pause
信息: Pausing ProtocolHandler ["http-apr-8282"]
五月 08, 2018 10:19:57 上午 org.apache.coyote.AbstractProtocol pause
信息: Pausing ProtocolHandler ["ajp-apr-8009"]
五月 08, 2018 10:19:57 上午 org.apache.catalina.core.StandardService stopInternal
信息: Stopping service Catalina
五月 08, 2018 10:19:57 上午 org.apache.coyote.AbstractProtocol stop
信息: Stopping ProtocolHandler ["http-apr-8282"]
五月 08, 2018 10:19:57 上午 org.apache.coyote.AbstractProtocol stop
信息: Stopping ProtocolHandler ["ajp-apr-8009"]
五月 08, 2018 10:21:26 上午 org.apache.catalina.core.AprLifecycleListener init
信息: Loaded APR based Apache Tomcat Native library 1.1.31 using APR version 1.4.8.
五月 08, 2018 10:21:26 上午 org.apache.catalina.core.AprLifecycleListener init
信息: APR capabilities: IPv6 [true], sendfile [true], accept filters [false], random [true].
五月 08, 2018 10:21:26 上午 org.apache.catalina.core.AprLifecycleListener initializeSSL
信息: OpenSSL successfully initialized (OpenSSL 1.0.1h 5 Jun 2014)
五月 08, 2018 10:21:27 上午 org.apache.coyote.AbstractProtocol init
信息: Initializing ProtocolHandler ["http-apr-8181"]
五月 08, 2018 10:21:27 上午 org.apache.coyote.AbstractProtocol init
信息: Initializing ProtocolHandler ["ajp-apr-8009"]
五月 08, 2018 10:21:27 上午 org.apache.catalina.startup.Catalina load
信息: Initialization processed in 965 ms
五月 08, 2018 10:21:27 上午 org.apache.catalina.core.StandardService startInternal
信息: Starting service Catalina
五月 08, 2018 10:21:27 上午 org.apache.catalina.core.StandardEngine startInternal
信息: Starting Servlet Engine: Apache Tomcat/7.0.55
五月 08, 2018 10:21:27 上午 org.apache.catalina.startup.HostConfig deployDirectory
信息: Deploying web application directory F:\WorkProjects\JTM-MCMS-4.6.3\apache-tomcat-7.0.55\webapps\ROOT
五月 08, 2018 10:21:27 上午 org.apache.catalina.loader.WebappClassLoader validateJarFile
信息: validateJarFile(F:\WorkProjects\JTM-MCMS-4.6.3\apache-tomcat-7.0.55\webapps\ROOT\WEB-INF\lib\javax.servlet-api-3.1.0.jar) - jar not loaded. See Servlet Spec 3.0, section 10.7.2. Offending class: javax/servlet/Servlet.class
五月 08, 2018 10:21:35 上午 org.apache.catalina.startup.TaglibUriRule body
信息: TLD skipped. URI: http://shiro.apache.org/tags is already defined
五月 08, 2018 10:21:41 上午 org.apache.catalina.core.StandardContext startInternal
严重: Error listenerStart
五月 08, 2018 10:21:41 上午 org.apache.catalina.core.StandardContext startInternal
严重: Context [] startup failed due to previous errors
五月 08, 2018 10:21:41 上午 org.apache.catalina.loader.WebappClassLoader clearReferencesJdbc
严重: The web application [] registered the JDBC driver [com.alibaba.druid.proxy.DruidDriver] but failed to unregister it when the web application was stopped. To prevent a memory leak, the JDBC Driver has been forcibly unregistered.
五月 08, 2018 10:21:41 上午 org.apache.catalina.loader.WebappClassLoader clearReferencesJdbc
严重: The web application [] registered the JDBC driver [com.mysql.jdbc.Driver] but failed to unregister it when the web application was stopped. To prevent a memory leak, the JDBC Driver has been forcibly unregistered.
五月 08, 2018 10:21:41 上午 org.apache.catalina.loader.WebappClassLoader clearReferencesThreads
严重: The web application [] appears to have started a thread named [Abandoned connection cleanup thread] but has failed to stop it. This is very likely to create a memory leak.
五月 08, 2018 10:21:41 上午 org.apache.catalina.loader.WebappClassLoader clearReferencesThreads
严重: The web application [] appears to have started a thread named [Druid-ConnectionPool-Create-3398436] but has failed to stop it. This is very likely to create a memory leak.
五月 08, 2018 10:21:41 上午 org.apache.catalina.loader.WebappClassLoader clearReferencesThreads
严重: The web application [] appears to have started a thread named [Druid-ConnectionPool-Destroy-3398436] but has failed to stop it. This is very likely to create a memory leak.
五月 08, 2018 10:21:41 上午 org.apache.catalina.startup.HostConfig deployDirectory
信息: Deployment of web application directory F:\WorkProjects\JTM-MCMS-4.6.3\apache-tomcat-7.0.55\webapps\ROOT has finished in 14,443 ms
五月 08, 2018 10:21:41 上午 org.apache.coyote.AbstractProtocol start
信息: Starting ProtocolHandler ["http-apr-8181"]
五月 08, 2018 10:21:41 上午 org.apache.coyote.AbstractProtocol start
信息: Starting ProtocolHandler ["ajp-apr-8009"]
五月 08, 2018 10:21:41 上午 org.apache.catalina.startup.Catalina start
信息: Server startup in 14479 ms
五月 08, 2018 10:25:56 上午 org.apache.coyote.AbstractProtocol pause
信息: Pausing ProtocolHandler ["http-apr-8181"]
五月 08, 2018 10:25:56 上午 org.apache.coyote.AbstractProtocol pause
信息: Pausing ProtocolHandler ["ajp-apr-8009"]
五月 08, 2018 10:25:56 上午 org.apache.catalina.core.StandardService stopInternal
信息: Stopping service Catalina
五月 08, 2018 10:25:56 上午 org.apache.coyote.AbstractProtocol stop
信息: Stopping ProtocolHandler ["http-apr-8181"]
五月 08, 2018 10:25:57 上午 org.apache.coyote.AbstractProtocol stop
信息: Stopping ProtocolHandler ["ajp-apr-8009"]
五月 08, 2018 10:26:28 上午 org.apache.catalina.core.AprLifecycleListener init
信息: Loaded APR based Apache Tomcat Native library 1.1.31 using APR version 1.4.8.
五月 08, 2018 10:26:28 上午 org.apache.catalina.core.AprLifecycleListener init
信息: APR capabilities: IPv6 [true], sendfile [true], accept filters [false], random [true].
五月 08, 2018 10:26:28 上午 org.apache.catalina.core.AprLifecycleListener initializeSSL
信息: OpenSSL successfully initialized (OpenSSL 1.0.1h 5 Jun 2014)
五月 08, 2018 10:26:28 上午 org.apache.coyote.AbstractProtocol init
信息: Initializing ProtocolHandler ["http-apr-8181"]
五月 08, 2018 10:26:28 上午 org.apache.coyote.AbstractProtocol init
信息: Initializing ProtocolHandler ["ajp-apr-8009"]
五月 08, 2018 10:26:28 上午 org.apache.catalina.startup.Catalina load
信息: Initialization processed in 920 ms
五月 08, 2018 10:26:28 上午 org.apache.catalina.core.StandardService startInternal
信息: Starting service Catalina
五月 08, 2018 10:26:28 上午 org.apache.catalina.core.StandardEngine startInternal
信息: Starting Servlet Engine: Apache Tomcat/7.0.55
五月 08, 2018 10:26:28 上午 org.apache.catalina.startup.HostConfig deployDirectory
信息: Deploying web application directory F:\WorkProjects\JTM-MCMS-4.6.3\apache-tomcat-7.0.55\webapps\ROOT
五月 08, 2018 10:26:29 上午 org.apache.catalina.loader.WebappClassLoader validateJarFile
信息: validateJarFile(F:\WorkProjects\JTM-MCMS-4.6.3\apache-tomcat-7.0.55\webapps\ROOT\WEB-INF\lib\javax.servlet-api-3.1.0.jar) - jar not loaded. See Servlet Spec 3.0, section 10.7.2. Offending class: javax/servlet/Servlet.class
五月 08, 2018 10:26:36 上午 org.apache.catalina.startup.TaglibUriRule body
信息: TLD skipped. URI: http://shiro.apache.org/tags is already defined
五月 08, 2018 10:26:43 上午 org.apache.catalina.core.StandardContext startInternal
严重: Error listenerStart
五月 08, 2018 10:26:43 上午 org.apache.catalina.core.StandardContext startInternal
严重: Context [] startup failed due to previous errors
五月 08, 2018 10:26:43 上午 org.apache.catalina.loader.WebappClassLoader clearReferencesJdbc
严重: The web application [] registered the JDBC driver [com.alibaba.druid.proxy.DruidDriver] but failed to unregister it when the web application was stopped. To prevent a memory leak, the JDBC Driver has been forcibly unregistered.
五月 08, 2018 10:26:43 上午 org.apache.catalina.loader.WebappClassLoader clearReferencesJdbc
严重: The web application [] registered the JDBC driver [com.mysql.jdbc.Driver] but failed to unregister it when the web application was stopped. To prevent a memory leak, the JDBC Driver has been forcibly unregistered.
五月 08, 2018 10:26:43 上午 org.apache.catalina.loader.WebappClassLoader clearReferencesThreads
严重: The web application [] appears to have started a thread named [Abandoned connection cleanup thread] but has failed to stop it. This is very likely to create a memory leak.
五月 08, 2018 10:26:43 上午 org.apache.catalina.loader.WebappClassLoader clearReferencesThreads
严重: The web application [] appears to have started a thread named [Druid-ConnectionPool-Create-30258453] but has failed to stop it. This is very likely to create a memory leak.
五月 08, 2018 10:26:43 上午 org.apache.catalina.loader.WebappClassLoader clearReferencesThreads
严重: The web application [] appears to have started a thread named [Druid-ConnectionPool-Destroy-30258453] but has failed to stop it. This is very likely to create a memory leak.
五月 08, 2018 10:26:43 上午 org.apache.catalina.startup.HostConfig deployDirectory
信息: Deployment of web application directory F:\WorkProjects\JTM-MCMS-4.6.3\apache-tomcat-7.0.55\webapps\ROOT has finished in 14,724 ms
五月 08, 2018 10:26:43 上午 org.apache.coyote.AbstractProtocol start
信息: Starting ProtocolHandler ["http-apr-8181"]
五月 08, 2018 10:26:43 上午 org.apache.coyote.AbstractProtocol start
信息: Starting ProtocolHandler ["ajp-apr-8009"]
五月 08, 2018 10:26:43 上午 org.apache.catalina.startup.Catalina start
信息: Server startup in 14759 ms
五月 08, 2018 10:28:12 上午 org.apache.coyote.AbstractProtocol pause
信息: Pausing ProtocolHandler ["http-apr-8181"]
五月 08, 2018 10:28:12 上午 org.apache.coyote.AbstractProtocol pause
信息: Pausing ProtocolHandler ["ajp-apr-8009"]
五月 08, 2018 10:28:12 上午 org.apache.catalina.core.StandardService stopInternal
信息: Stopping service Catalina
五月 08, 2018 10:28:12 上午 org.apache.coyote.AbstractProtocol stop
信息: Stopping ProtocolHandler ["http-apr-8181"]
五月 08, 2018 10:28:12 上午 org.apache.coyote.AbstractProtocol stop
信息: Stopping ProtocolHandler ["ajp-apr-8009"]
