五月 03, 2018 3:10:41 下午 org.apache.catalina.startup.Catalina initDirs
严重: Cannot find specified temporary folder at E:\JTM-MCMS-4.6.3\apache-tomcat-7.0.55\temp
五月 03, 2018 3:10:42 下午 org.apache.catalina.core.AprLifecycleListener init
信息: Loaded APR based Apache Tomcat Native library 1.1.31 using APR version 1.4.8.
五月 03, 2018 3:10:42 下午 org.apache.catalina.core.AprLifecycleListener init
信息: APR capabilities: IPv6 [true], sendfile [true], accept filters [false], random [true].
五月 03, 2018 3:10:43 下午 org.apache.catalina.core.AprLifecycleListener initializeSSL
信息: OpenSSL successfully initialized (OpenSSL 1.0.1h 5 Jun 2014)
五月 03, 2018 3:10:45 下午 org.apache.coyote.AbstractProtocol init
信息: Initializing ProtocolHandler ["http-apr-8181"]
五月 03, 2018 3:10:45 下午 org.apache.coyote.AbstractProtocol init
信息: Initializing ProtocolHandler ["ajp-apr-8009"]
五月 03, 2018 3:10:45 下午 org.apache.catalina.startup.Catalina load
信息: Initialization processed in 3852 ms
五月 03, 2018 3:10:45 下午 org.apache.catalina.core.StandardService startInternal
信息: Starting service Catalina
五月 03, 2018 3:10:45 下午 org.apache.catalina.core.StandardEngine startInternal
信息: Starting Servlet Engine: Apache Tomcat/7.0.55
五月 03, 2018 3:10:45 下午 org.apache.catalina.startup.HostConfig deployDirectory
信息: Deploying web application directory E:\JTM-MCMS-4.6.3\apache-tomcat-7.0.55\webapps\ROOT
五月 03, 2018 3:11:03 下午 org.apache.catalina.loader.WebappClassLoader validateJarFile
信息: validateJarFile(E:\JTM-MCMS-4.6.3\apache-tomcat-7.0.55\webapps\ROOT\WEB-INF\lib\javax.servlet-api-3.1.0.jar) - jar not loaded. See Servlet Spec 3.0, section 10.7.2. Offending class: javax/servlet/Servlet.class
五月 03, 2018 3:11:35 下午 org.apache.catalina.startup.TaglibUriRule body
信息: TLD skipped. URI: http://shiro.apache.org/tags is already defined
五月 03, 2018 3:11:59 下午 org.apache.catalina.startup.HostConfig deployDirectory
信息: Deployment of web application directory E:\JTM-MCMS-4.6.3\apache-tomcat-7.0.55\webapps\ROOT has finished in 73,894 ms
五月 03, 2018 3:11:59 下午 org.apache.coyote.AbstractProtocol start
信息: Starting ProtocolHandler ["http-apr-8181"]
五月 03, 2018 3:11:59 下午 org.apache.coyote.AbstractProtocol start
信息: Starting ProtocolHandler ["ajp-apr-8009"]
五月 03, 2018 3:11:59 下午 org.apache.catalina.startup.Catalina start
信息: Server startup in 74154 ms
五月 03, 2018 3:13:56 下午 org.apache.coyote.AbstractProtocol pause
信息: Pausing ProtocolHandler ["http-apr-8181"]
五月 03, 2018 3:13:56 下午 org.apache.coyote.AbstractProtocol pause
信息: Pausing ProtocolHandler ["ajp-apr-8009"]
五月 03, 2018 3:13:56 下午 org.apache.catalina.core.StandardService stopInternal
信息: Stopping service Catalina
五月 03, 2018 3:13:56 下午 org.apache.catalina.loader.WebappClassLoader clearReferencesJdbc
严重: The web application [] registered the JDBC driver [com.alibaba.druid.proxy.DruidDriver] but failed to unregister it when the web application was stopped. To prevent a memory leak, the JDBC Driver has been forcibly unregistered.
五月 03, 2018 3:13:56 下午 org.apache.catalina.loader.WebappClassLoader clearReferencesJdbc
严重: The web application [] registered the JDBC driver [com.mysql.jdbc.Driver] but failed to unregister it when the web application was stopped. To prevent a memory leak, the JDBC Driver has been forcibly unregistered.
五月 03, 2018 3:13:56 下午 org.apache.catalina.loader.WebappClassLoader clearReferencesThreads
严重: The web application [] appears to have started a thread named [Abandoned connection cleanup thread] but has failed to stop it. This is very likely to create a memory leak.
五月 03, 2018 3:13:56 下午 org.apache.catalina.loader.WebappClassLoader clearReferencesThreads
严重: The web application [] appears to have started a thread named [Thread-3] but has failed to stop it. This is very likely to create a memory leak.
五月 03, 2018 3:13:56 下午 org.apache.catalina.loader.WebappClassLoader checkThreadLocalMapForLeaks
严重: The web application [] created a ThreadLocal with key of type [org.apache.shiro.util.ThreadContext.InheritableThreadLocalMap] (value [org.apache.shiro.util.ThreadContext$InheritableThreadLocalMap@640490]) and a value of type [java.util.HashMap] (value [{org.apache.shiro.util.ThreadContext_SECURITY_MANAGER_KEY=org.apache.shiro.web.mgt.DefaultWebSecurityManager@67abfd, org.apache.shiro.util.ThreadContext_SUBJECT_KEY=org.apache.shiro.web.subject.support.WebDelegatingSubject@4c89ec}]) but failed to remove it when the web application was stopped. Threads are going to be renewed over time to try and avoid a probable memory leak.
五月 03, 2018 3:13:56 下午 org.apache.catalina.loader.WebappClassLoader checkThreadLocalMapForLeaks
严重: The web application [] created a ThreadLocal with key of type [java.lang.ThreadLocal] (value [java.lang.ThreadLocal@f2e621]) and a value of type [org.apache.shiro.web.servlet.ShiroHttpServletRequest] (value [org.apache.shiro.web.servlet.ShiroHttpServletRequest@e2b96f]) but failed to remove it when the web application was stopped. Threads are going to be renewed over time to try and avoid a probable memory leak.
五月 03, 2018 3:13:56 下午 org.apache.catalina.loader.WebappClassLoader checkThreadLocalMapForLeaks
严重: The web application [] created a ThreadLocal with key of type [java.lang.ThreadLocal] (value [java.lang.ThreadLocal@fc2d04]) and a value of type [com.alibaba.druid.support.http.WebStatFilter.StatHttpServletResponseWrapper] (value [com.alibaba.druid.support.http.WebStatFilter$StatHttpServletResponseWrapper@1ef9fa9]) but failed to remove it when the web application was stopped. Threads are going to be renewed over time to try and avoid a probable memory leak.
五月 03, 2018 3:13:56 下午 org.apache.catalina.loader.WebappClassLoader checkThreadLocalMapForLeaks
严重: The web application [] created a ThreadLocal with key of type [java.lang.ThreadLocal] (value [java.lang.ThreadLocal@f2e621]) and a value of type [org.apache.shiro.web.servlet.ShiroHttpServletRequest] (value [org.apache.shiro.web.servlet.ShiroHttpServletRequest@db4bb5]) but failed to remove it when the web application was stopped. Threads are going to be renewed over time to try and avoid a probable memory leak.
五月 03, 2018 3:13:56 下午 org.apache.catalina.loader.WebappClassLoader checkThreadLocalMapForLeaks
严重: The web application [] created a ThreadLocal with key of type [java.lang.ThreadLocal] (value [java.lang.ThreadLocal@fc2d04]) and a value of type [com.alibaba.druid.support.http.WebStatFilter.StatHttpServletResponseWrapper] (value [com.alibaba.druid.support.http.WebStatFilter$StatHttpServletResponseWrapper@1479610]) but failed to remove it when the web application was stopped. Threads are going to be renewed over time to try and avoid a probable memory leak.
五月 03, 2018 3:13:56 下午 org.apache.catalina.loader.WebappClassLoader checkThreadLocalMapForLeaks
严重: The web application [] created a ThreadLocal with key of type [java.lang.ThreadLocal] (value [java.lang.ThreadLocal@f2e621]) and a value of type [org.apache.shiro.web.servlet.ShiroHttpServletRequest] (value [org.apache.shiro.web.servlet.ShiroHttpServletRequest@1ee3795]) but failed to remove it when the web application was stopped. Threads are going to be renewed over time to try and avoid a probable memory leak.
五月 03, 2018 3:13:56 下午 org.apache.catalina.loader.WebappClassLoader checkThreadLocalMapForLeaks
严重: The web application [] created a ThreadLocal with key of type [java.lang.ThreadLocal] (value [java.lang.ThreadLocal@fc2d04]) and a value of type [com.alibaba.druid.support.http.WebStatFilter.StatHttpServletResponseWrapper] (value [com.alibaba.druid.support.http.WebStatFilter$StatHttpServletResponseWrapper@834659]) but failed to remove it when the web application was stopped. Threads are going to be renewed over time to try and avoid a probable memory leak.
五月 03, 2018 3:13:56 下午 org.apache.catalina.loader.WebappClassLoader checkThreadLocalMapForLeaks
严重: The web application [] created a ThreadLocal with key of type [java.lang.ThreadLocal] (value [java.lang.ThreadLocal@f2e621]) and a value of type [org.apache.shiro.web.servlet.ShiroHttpServletRequest] (value [org.apache.shiro.web.servlet.ShiroHttpServletRequest@7fb8d1]) but failed to remove it when the web application was stopped. Threads are going to be renewed over time to try and avoid a probable memory leak.
五月 03, 2018 3:13:56 下午 org.apache.catalina.loader.WebappClassLoader checkThreadLocalMapForLeaks
严重: The web application [] created a ThreadLocal with key of type [java.lang.ThreadLocal] (value [java.lang.ThreadLocal@fc2d04]) and a value of type [com.alibaba.druid.support.http.WebStatFilter.StatHttpServletResponseWrapper] (value [com.alibaba.druid.support.http.WebStatFilter$StatHttpServletResponseWrapper@13ecdb4]) but failed to remove it when the web application was stopped. Threads are going to be renewed over time to try and avoid a probable memory leak.
五月 03, 2018 3:13:56 下午 org.apache.catalina.loader.WebappClassLoader checkThreadLocalMapForLeaks
严重: The web application [] created a ThreadLocal with key of type [java.lang.ThreadLocal] (value [java.lang.ThreadLocal@f2e621]) and a value of type [org.apache.shiro.web.servlet.ShiroHttpServletRequest] (value [org.apache.shiro.web.servlet.ShiroHttpServletRequest@331338]) but failed to remove it when the web application was stopped. Threads are going to be renewed over time to try and avoid a probable memory leak.
五月 03, 2018 3:13:56 下午 org.apache.catalina.loader.WebappClassLoader checkThreadLocalMapForLeaks
严重: The web application [] created a ThreadLocal with key of type [java.lang.ThreadLocal] (value [java.lang.ThreadLocal@fc2d04]) and a value of type [com.alibaba.druid.support.http.WebStatFilter.StatHttpServletResponseWrapper] (value [com.alibaba.druid.support.http.WebStatFilter$StatHttpServletResponseWrapper@132ff2e]) but failed to remove it when the web application was stopped. Threads are going to be renewed over time to try and avoid a probable memory leak.
五月 03, 2018 3:13:56 下午 org.apache.catalina.loader.WebappClassLoader checkThreadLocalMapForLeaks
严重: The web application [] created a ThreadLocal with key of type [java.lang.ThreadLocal] (value [java.lang.ThreadLocal@f2e621]) and a value of type [org.apache.shiro.web.servlet.ShiroHttpServletRequest] (value [org.apache.shiro.web.servlet.ShiroHttpServletRequest@10f56dc]) but failed to remove it when the web application was stopped. Threads are going to be renewed over time to try and avoid a probable memory leak.
五月 03, 2018 3:13:56 下午 org.apache.catalina.loader.WebappClassLoader checkThreadLocalMapForLeaks
严重: The web application [] created a ThreadLocal with key of type [java.lang.ThreadLocal] (value [java.lang.ThreadLocal@fc2d04]) and a value of type [com.alibaba.druid.support.http.WebStatFilter.StatHttpServletResponseWrapper] (value [com.alibaba.druid.support.http.WebStatFilter$StatHttpServletResponseWrapper@fb438]) but failed to remove it when the web application was stopped. Threads are going to be renewed over time to try and avoid a probable memory leak.
五月 03, 2018 3:13:56 下午 org.apache.coyote.AbstractProtocol stop
信息: Stopping ProtocolHandler ["http-apr-8181"]
五月 03, 2018 3:13:56 下午 org.apache.coyote.AbstractProtocol stop
信息: Stopping ProtocolHandler ["ajp-apr-8009"]
