九月 07, 2017 2:44:31 下午 org.apache.catalina.startup.Catalina initDirs
严重: Cannot find specified temporary folder at D:\JTM-MCMS-4.6.0\apache-tomcat-7.0.55\temp
九月 07, 2017 2:44:31 下午 org.apache.catalina.core.AprLifecycleListener init
信息: Loaded APR based Apache Tomcat Native library 1.1.31 using APR version 1.4.8.
九月 07, 2017 2:44:31 下午 org.apache.catalina.core.AprLifecycleListener init
信息: APR capabilities: IPv6 [true], sendfile [true], accept filters [false], random [true].
九月 07, 2017 2:44:32 下午 org.apache.catalina.core.AprLifecycleListener initializeSSL
信息: OpenSSL successfully initialized (OpenSSL 1.0.1h 5 Jun 2014)
九月 07, 2017 2:44:32 下午 org.apache.coyote.AbstractProtocol init
信息: Initializing ProtocolHandler ["http-apr-8181"]
九月 07, 2017 2:44:32 下午 org.apache.coyote.AbstractProtocol init
信息: Initializing ProtocolHandler ["ajp-apr-8009"]
九月 07, 2017 2:44:32 下午 org.apache.catalina.startup.Catalina load
信息: Initialization processed in 1348 ms
九月 07, 2017 2:44:32 下午 org.apache.catalina.core.StandardService startInternal
信息: Starting service Catalina
九月 07, 2017 2:44:32 下午 org.apache.catalina.core.StandardEngine startInternal
信息: Starting Servlet Engine: Apache Tomcat/7.0.55
九月 07, 2017 2:44:32 下午 org.apache.catalina.startup.HostConfig deployDirectory
信息: Deploying web application directory D:\JTM-MCMS-4.6.0\apache-tomcat-7.0.55\webapps\ROOT
九月 07, 2017 2:44:32 下午 org.apache.catalina.loader.WebappClassLoader validateJarFile
信息: validateJarFile(D:\JTM-MCMS-4.6.0\apache-tomcat-7.0.55\webapps\ROOT\WEB-INF\lib\javax.servlet-api-3.1.0.jar) - jar not loaded. See Servlet Spec 3.0, section 10.7.2. Offending class: javax/servlet/Servlet.class
九月 07, 2017 2:45:03 下午 org.apache.catalina.startup.HostConfig deployDirectory
信息: Deployment of web application directory D:\JTM-MCMS-4.6.0\apache-tomcat-7.0.55\webapps\ROOT has finished in 31,214 ms
九月 07, 2017 2:45:03 下午 org.apache.coyote.AbstractProtocol start
信息: Starting ProtocolHandler ["http-apr-8181"]
九月 07, 2017 2:45:03 下午 org.apache.coyote.AbstractProtocol start
信息: Starting ProtocolHandler ["ajp-apr-8009"]
九月 07, 2017 2:45:03 下午 org.apache.catalina.startup.Catalina start
信息: Server startup in 31285 ms
九月 07, 2017 2:47:16 下午 org.apache.coyote.AbstractProtocol pause
信息: Pausing ProtocolHandler ["http-apr-8181"]
九月 07, 2017 2:47:16 下午 org.apache.coyote.AbstractProtocol pause
信息: Pausing ProtocolHandler ["ajp-apr-8009"]
九月 07, 2017 2:47:16 下午 org.apache.catalina.core.StandardService stopInternal
信息: Stopping service Catalina
九月 07, 2017 2:47:16 下午 org.apache.catalina.loader.WebappClassLoader clearReferencesJdbc
严重: The web application [] registered the JDBC driver [com.alibaba.druid.proxy.DruidDriver] but failed to unregister it when the web application was stopped. To prevent a memory leak, the JDBC Driver has been forcibly unregistered.
九月 07, 2017 2:47:16 下午 org.apache.catalina.loader.WebappClassLoader clearReferencesJdbc
严重: The web application [] registered the JDBC driver [com.mysql.jdbc.Driver] but failed to unregister it when the web application was stopped. To prevent a memory leak, the JDBC Driver has been forcibly unregistered.
九月 07, 2017 2:47:16 下午 org.apache.catalina.loader.WebappClassLoader clearReferencesThreads
严重: The web application [] appears to have started a thread named [Abandoned connection cleanup thread] but has failed to stop it. This is very likely to create a memory leak.
九月 07, 2017 2:47:16 下午 org.apache.coyote.AbstractProtocol stop
信息: Stopping ProtocolHandler ["http-apr-8181"]
九月 07, 2017 2:47:16 下午 org.apache.coyote.AbstractProtocol stop
信息: Stopping ProtocolHandler ["ajp-apr-8009"]
九月 07, 2017 2:52:15 下午 org.apache.catalina.startup.Catalina initDirs
严重: Cannot find specified temporary folder at C:\Users\Administrator\Desktop\JTM\apache-tomcat-7.0.55\temp
九月 07, 2017 2:52:15 下午 org.apache.catalina.core.AprLifecycleListener init
信息: Loaded APR based Apache Tomcat Native library 1.1.31 using APR version 1.4.8.
九月 07, 2017 2:52:15 下午 org.apache.catalina.core.AprLifecycleListener init
信息: APR capabilities: IPv6 [true], sendfile [true], accept filters [false], random [true].
九月 07, 2017 2:52:16 下午 org.apache.catalina.core.AprLifecycleListener initializeSSL
信息: OpenSSL successfully initialized (OpenSSL 1.0.1h 5 Jun 2014)
九月 07, 2017 2:52:16 下午 org.apache.coyote.AbstractProtocol init
信息: Initializing ProtocolHandler ["http-apr-8181"]
九月 07, 2017 2:52:16 下午 org.apache.coyote.AbstractProtocol init
信息: Initializing ProtocolHandler ["ajp-apr-8009"]
九月 07, 2017 2:52:16 下午 org.apache.catalina.startup.Catalina load
信息: Initialization processed in 1470 ms
九月 07, 2017 2:52:16 下午 org.apache.catalina.core.StandardService startInternal
信息: Starting service Catalina
九月 07, 2017 2:52:16 下午 org.apache.catalina.core.StandardEngine startInternal
信息: Starting Servlet Engine: Apache Tomcat/7.0.55
九月 07, 2017 2:52:16 下午 org.apache.catalina.startup.HostConfig deployDirectory
信息: Deploying web application directory C:\Users\Administrator\Desktop\JTM\apache-tomcat-7.0.55\webapps\ROOT
九月 07, 2017 2:52:16 下午 org.apache.catalina.loader.WebappClassLoader validateJarFile
信息: validateJarFile(C:\Users\Administrator\Desktop\JTM\apache-tomcat-7.0.55\webapps\ROOT\WEB-INF\lib\javax.servlet-api-3.1.0.jar) - jar not loaded. See Servlet Spec 3.0, section 10.7.2. Offending class: javax/servlet/Servlet.class
九月 07, 2017 2:52:40 下午 org.apache.catalina.core.StandardContext startInternal
严重: Error listenerStart
九月 07, 2017 2:52:40 下午 org.apache.catalina.core.StandardContext startInternal
严重: Context [] startup failed due to previous errors
九月 07, 2017 2:52:40 下午 org.apache.catalina.loader.WebappClassLoader clearReferencesJdbc
严重: The web application [] registered the JDBC driver [com.alibaba.druid.proxy.DruidDriver] but failed to unregister it when the web application was stopped. To prevent a memory leak, the JDBC Driver has been forcibly unregistered.
九月 07, 2017 2:52:40 下午 org.apache.catalina.loader.WebappClassLoader clearReferencesJdbc
严重: The web application [] registered the JDBC driver [com.mysql.jdbc.Driver] but failed to unregister it when the web application was stopped. To prevent a memory leak, the JDBC Driver has been forcibly unregistered.
九月 07, 2017 2:52:40 下午 org.apache.catalina.loader.WebappClassLoader clearReferencesThreads
严重: The web application [] appears to have started a thread named [Abandoned connection cleanup thread] but has failed to stop it. This is very likely to create a memory leak.
九月 07, 2017 2:52:40 下午 org.apache.catalina.loader.WebappClassLoader clearReferencesThreads
严重: The web application [] appears to have started a thread named [Druid-ConnectionPool-Create-9184195] but has failed to stop it. This is very likely to create a memory leak.
九月 07, 2017 2:52:40 下午 org.apache.catalina.loader.WebappClassLoader clearReferencesThreads
严重: The web application [] appears to have started a thread named [Druid-ConnectionPool-Destroy-9184195] but has failed to stop it. This is very likely to create a memory leak.
九月 07, 2017 2:52:40 下午 org.apache.catalina.startup.HostConfig deployDirectory
信息: Deployment of web application directory C:\Users\Administrator\Desktop\JTM\apache-tomcat-7.0.55\webapps\ROOT has finished in 24,028 ms
九月 07, 2017 2:52:40 下午 org.apache.coyote.AbstractProtocol start
信息: Starting ProtocolHandler ["http-apr-8181"]
九月 07, 2017 2:52:40 下午 org.apache.coyote.AbstractProtocol start
信息: Starting ProtocolHandler ["ajp-apr-8009"]
九月 07, 2017 2:52:40 下午 org.apache.catalina.startup.Catalina start
信息: Server startup in 24089 ms
九月 07, 2017 2:56:03 下午 org.apache.coyote.AbstractProtocol pause
信息: Pausing ProtocolHandler ["http-apr-8181"]
九月 07, 2017 2:56:03 下午 org.apache.coyote.AbstractProtocol pause
信息: Pausing ProtocolHandler ["ajp-apr-8009"]
九月 07, 2017 2:56:03 下午 org.apache.catalina.core.StandardService stopInternal
信息: Stopping service Catalina
九月 07, 2017 2:56:03 下午 org.apache.coyote.AbstractProtocol stop
信息: Stopping ProtocolHandler ["http-apr-8181"]
九月 07, 2017 2:56:03 下午 org.apache.coyote.AbstractProtocol stop
信息: Stopping ProtocolHandler ["ajp-apr-8009"]
九月 07, 2017 2:56:13 下午 org.apache.catalina.startup.Catalina initDirs
严重: Cannot find specified temporary folder at C:\Users\Administrator\Desktop\JTM\apache-tomcat-7.0.55\temp
九月 07, 2017 2:56:13 下午 org.apache.catalina.core.AprLifecycleListener init
信息: Loaded APR based Apache Tomcat Native library 1.1.31 using APR version 1.4.8.
九月 07, 2017 2:56:13 下午 org.apache.catalina.core.AprLifecycleListener init
信息: APR capabilities: IPv6 [true], sendfile [true], accept filters [false], random [true].
九月 07, 2017 2:56:14 下午 org.apache.catalina.core.AprLifecycleListener initializeSSL
信息: OpenSSL successfully initialized (OpenSSL 1.0.1h 5 Jun 2014)
九月 07, 2017 2:56:14 下午 org.apache.coyote.AbstractProtocol init
信息: Initializing ProtocolHandler ["http-apr-8181"]
九月 07, 2017 2:56:14 下午 org.apache.coyote.AbstractProtocol init
信息: Initializing ProtocolHandler ["ajp-apr-8009"]
九月 07, 2017 2:56:14 下午 org.apache.catalina.startup.Catalina load
信息: Initialization processed in 1336 ms
九月 07, 2017 2:56:14 下午 org.apache.catalina.core.StandardService startInternal
信息: Starting service Catalina
九月 07, 2017 2:56:14 下午 org.apache.catalina.core.StandardEngine startInternal
信息: Starting Servlet Engine: Apache Tomcat/7.0.55
九月 07, 2017 2:56:14 下午 org.apache.catalina.startup.HostConfig deployDirectory
信息: Deploying web application directory C:\Users\Administrator\Desktop\JTM\apache-tomcat-7.0.55\webapps\ROOT
九月 07, 2017 2:56:15 下午 org.apache.catalina.loader.WebappClassLoader validateJarFile
信息: validateJarFile(C:\Users\Administrator\Desktop\JTM\apache-tomcat-7.0.55\webapps\ROOT\WEB-INF\lib\javax.servlet-api-3.1.0.jar) - jar not loaded. See Servlet Spec 3.0, section 10.7.2. Offending class: javax/servlet/Servlet.class
九月 07, 2017 2:56:47 下午 org.apache.catalina.startup.HostConfig deployDirectory
信息: Deployment of web application directory C:\Users\Administrator\Desktop\JTM\apache-tomcat-7.0.55\webapps\ROOT has finished in 32,292 ms
九月 07, 2017 2:56:47 下午 org.apache.coyote.AbstractProtocol start
信息: Starting ProtocolHandler ["http-apr-8181"]
九月 07, 2017 2:56:47 下午 org.apache.coyote.AbstractProtocol start
信息: Starting ProtocolHandler ["ajp-apr-8009"]
九月 07, 2017 2:56:47 下午 org.apache.catalina.startup.Catalina start
信息: Server startup in 32351 ms
九月 07, 2017 3:04:51 下午 org.apache.coyote.AbstractProtocol pause
信息: Pausing ProtocolHandler ["http-apr-8181"]
九月 07, 2017 3:04:51 下午 org.apache.coyote.AbstractProtocol pause
信息: Pausing ProtocolHandler ["ajp-apr-8009"]
九月 07, 2017 3:04:51 下午 org.apache.catalina.core.StandardService stopInternal
信息: Stopping service Catalina
九月 07, 2017 3:04:51 下午 org.apache.catalina.loader.WebappClassLoader clearReferencesJdbc
严重: The web application [] registered the JDBC driver [com.alibaba.druid.proxy.DruidDriver] but failed to unregister it when the web application was stopped. To prevent a memory leak, the JDBC Driver has been forcibly unregistered.
九月 07, 2017 3:04:51 下午 org.apache.catalina.loader.WebappClassLoader clearReferencesJdbc
严重: The web application [] registered the JDBC driver [com.mysql.jdbc.Driver] but failed to unregister it when the web application was stopped. To prevent a memory leak, the JDBC Driver has been forcibly unregistered.
九月 07, 2017 3:04:52 下午 org.apache.catalina.loader.WebappClassLoader clearReferencesThreads
严重: The web application [] appears to have started a thread named [Abandoned connection cleanup thread] but has failed to stop it. This is very likely to create a memory leak.
九月 07, 2017 3:04:52 下午 org.apache.coyote.AbstractProtocol stop
信息: Stopping ProtocolHandler ["http-apr-8181"]
九月 07, 2017 3:04:52 下午 org.apache.coyote.AbstractProtocol stop
信息: Stopping ProtocolHandler ["ajp-apr-8009"]
九月 07, 2017 3:05:10 下午 org.apache.catalina.startup.Catalina initDirs
严重: Cannot find specified temporary folder at C:\Users\Administrator\Desktop\JTM\apache-tomcat-7.0.55\temp
九月 07, 2017 3:05:10 下午 org.apache.catalina.core.AprLifecycleListener init
信息: Loaded APR based Apache Tomcat Native library 1.1.31 using APR version 1.4.8.
九月 07, 2017 3:05:10 下午 org.apache.catalina.core.AprLifecycleListener init
信息: APR capabilities: IPv6 [true], sendfile [true], accept filters [false], random [true].
九月 07, 2017 3:05:11 下午 org.apache.catalina.core.AprLifecycleListener initializeSSL
信息: OpenSSL successfully initialized (OpenSSL 1.0.1h 5 Jun 2014)
九月 07, 2017 3:05:11 下午 org.apache.coyote.AbstractProtocol init
信息: Initializing ProtocolHandler ["http-apr-8181"]
九月 07, 2017 3:05:11 下午 org.apache.coyote.AbstractProtocol init
信息: Initializing ProtocolHandler ["ajp-apr-8009"]
九月 07, 2017 3:05:11 下午 org.apache.catalina.startup.Catalina load
信息: Initialization processed in 1604 ms
九月 07, 2017 3:05:11 下午 org.apache.catalina.core.StandardService startInternal
信息: Starting service Catalina
九月 07, 2017 3:05:11 下午 org.apache.catalina.core.StandardEngine startInternal
信息: Starting Servlet Engine: Apache Tomcat/7.0.55
九月 07, 2017 3:05:11 下午 org.apache.catalina.startup.HostConfig deployDirectory
信息: Deploying web application directory C:\Users\Administrator\Desktop\JTM\apache-tomcat-7.0.55\webapps\ROOT
九月 07, 2017 3:05:12 下午 org.apache.catalina.loader.WebappClassLoader validateJarFile
信息: validateJarFile(C:\Users\Administrator\Desktop\JTM\apache-tomcat-7.0.55\webapps\ROOT\WEB-INF\lib\javax.servlet-api-3.1.0.jar) - jar not loaded. See Servlet Spec 3.0, section 10.7.2. Offending class: javax/servlet/Servlet.class
九月 07, 2017 3:05:50 下午 org.apache.catalina.startup.HostConfig deployDirectory
信息: Deployment of web application directory C:\Users\Administrator\Desktop\JTM\apache-tomcat-7.0.55\webapps\ROOT has finished in 38,046 ms
九月 07, 2017 3:05:50 下午 org.apache.coyote.AbstractProtocol start
信息: Starting ProtocolHandler ["http-apr-8181"]
九月 07, 2017 3:05:50 下午 org.apache.coyote.AbstractProtocol start
信息: Starting ProtocolHandler ["ajp-apr-8009"]
九月 07, 2017 3:05:50 下午 org.apache.catalina.startup.Catalina start
信息: Server startup in 38111 ms
九月 07, 2017 3:17:49 下午 org.apache.coyote.AbstractProtocol pause
信息: Pausing ProtocolHandler ["http-apr-8181"]
九月 07, 2017 3:17:49 下午 org.apache.coyote.AbstractProtocol pause
信息: Pausing ProtocolHandler ["ajp-apr-8009"]
九月 07, 2017 3:17:49 下午 org.apache.catalina.core.StandardService stopInternal
信息: Stopping service Catalina
九月 07, 2017 3:17:49 下午 org.apache.catalina.loader.WebappClassLoader clearReferencesJdbc
严重: The web application [] registered the JDBC driver [com.alibaba.druid.proxy.DruidDriver] but failed to unregister it when the web application was stopped. To prevent a memory leak, the JDBC Driver has been forcibly unregistered.
九月 07, 2017 3:17:49 下午 org.apache.catalina.loader.WebappClassLoader clearReferencesJdbc
严重: The web application [] registered the JDBC driver [com.mysql.jdbc.Driver] but failed to unregister it when the web application was stopped. To prevent a memory leak, the JDBC Driver has been forcibly unregistered.
九月 07, 2017 3:17:49 下午 org.apache.catalina.loader.WebappClassLoader clearReferencesThreads
严重: The web application [] appears to have started a thread named [Abandoned connection cleanup thread] but has failed to stop it. This is very likely to create a memory leak.
九月 07, 2017 3:17:49 下午 org.apache.coyote.AbstractProtocol stop
信息: Stopping ProtocolHandler ["http-apr-8181"]
九月 07, 2017 3:17:49 下午 org.apache.coyote.AbstractProtocol stop
信息: Stopping ProtocolHandler ["ajp-apr-8009"]
九月 07, 2017 3:17:55 下午 org.apache.catalina.startup.Catalina initDirs
严重: Cannot find specified temporary folder at C:\Users\Administrator\Desktop\JTM\apache-tomcat-7.0.55\temp
九月 07, 2017 3:17:56 下午 org.apache.catalina.core.AprLifecycleListener init
信息: Loaded APR based Apache Tomcat Native library 1.1.31 using APR version 1.4.8.
九月 07, 2017 3:17:56 下午 org.apache.catalina.core.AprLifecycleListener init
信息: APR capabilities: IPv6 [true], sendfile [true], accept filters [false], random [true].
九月 07, 2017 3:17:56 下午 org.apache.catalina.core.AprLifecycleListener initializeSSL
信息: OpenSSL successfully initialized (OpenSSL 1.0.1h 5 Jun 2014)
九月 07, 2017 3:17:57 下午 org.apache.coyote.AbstractProtocol init
信息: Initializing ProtocolHandler ["http-apr-8181"]
九月 07, 2017 3:17:57 下午 org.apache.coyote.AbstractProtocol init
信息: Initializing ProtocolHandler ["ajp-apr-8009"]
九月 07, 2017 3:17:57 下午 org.apache.catalina.startup.Catalina load
信息: Initialization processed in 1481 ms
九月 07, 2017 3:17:57 下午 org.apache.catalina.core.StandardService startInternal
信息: Starting service Catalina
九月 07, 2017 3:17:57 下午 org.apache.catalina.core.StandardEngine startInternal
信息: Starting Servlet Engine: Apache Tomcat/7.0.55
九月 07, 2017 3:17:57 下午 org.apache.catalina.startup.HostConfig deployDirectory
信息: Deploying web application directory C:\Users\Administrator\Desktop\JTM\apache-tomcat-7.0.55\webapps\ROOT
九月 07, 2017 3:17:57 下午 org.apache.catalina.loader.WebappClassLoader validateJarFile
信息: validateJarFile(C:\Users\Administrator\Desktop\JTM\apache-tomcat-7.0.55\webapps\ROOT\WEB-INF\lib\javax.servlet-api-3.1.0.jar) - jar not loaded. See Servlet Spec 3.0, section 10.7.2. Offending class: javax/servlet/Servlet.class
九月 07, 2017 3:18:35 下午 org.apache.catalina.startup.HostConfig deployDirectory
信息: Deployment of web application directory C:\Users\Administrator\Desktop\JTM\apache-tomcat-7.0.55\webapps\ROOT has finished in 38,851 ms
九月 07, 2017 3:18:35 下午 org.apache.coyote.AbstractProtocol start
信息: Starting ProtocolHandler ["http-apr-8181"]
九月 07, 2017 3:18:35 下午 org.apache.coyote.AbstractProtocol start
信息: Starting ProtocolHandler ["ajp-apr-8009"]
九月 07, 2017 3:18:35 下午 org.apache.catalina.startup.Catalina start
信息: Server startup in 38923 ms
九月 07, 2017 3:25:53 下午 org.apache.coyote.AbstractProtocol pause
信息: Pausing ProtocolHandler ["http-apr-8181"]
九月 07, 2017 3:25:53 下午 org.apache.coyote.AbstractProtocol pause
信息: Pausing ProtocolHandler ["ajp-apr-8009"]
九月 07, 2017 3:25:53 下午 org.apache.catalina.core.StandardService stopInternal
信息: Stopping service Catalina
九月 07, 2017 3:25:53 下午 org.apache.catalina.loader.WebappClassLoader clearReferencesJdbc
严重: The web application [] registered the JDBC driver [com.alibaba.druid.proxy.DruidDriver] but failed to unregister it when the web application was stopped. To prevent a memory leak, the JDBC Driver has been forcibly unregistered.
九月 07, 2017 3:25:53 下午 org.apache.catalina.loader.WebappClassLoader clearReferencesJdbc
严重: The web application [] registered the JDBC driver [com.mysql.jdbc.Driver] but failed to unregister it when the web application was stopped. To prevent a memory leak, the JDBC Driver has been forcibly unregistered.
九月 07, 2017 3:25:53 下午 org.apache.catalina.loader.WebappClassLoader clearReferencesThreads
严重: The web application [] appears to have started a thread named [Abandoned connection cleanup thread] but has failed to stop it. This is very likely to create a memory leak.
九月 07, 2017 3:25:53 下午 org.apache.coyote.AbstractProtocol stop
信息: Stopping ProtocolHandler ["http-apr-8181"]
九月 07, 2017 3:25:53 下午 org.apache.coyote.AbstractProtocol stop
信息: Stopping ProtocolHandler ["ajp-apr-8009"]
九月 07, 2017 3:32:54 下午 org.apache.catalina.startup.Catalina initDirs
严重: Cannot find specified temporary folder at D:\JTM-MCMS-4.6.1\apache-tomcat-7.0.55\temp
九月 07, 2017 3:32:55 下午 org.apache.catalina.core.AprLifecycleListener init
信息: Loaded APR based Apache Tomcat Native library 1.1.31 using APR version 1.4.8.
九月 07, 2017 3:32:55 下午 org.apache.catalina.core.AprLifecycleListener init
信息: APR capabilities: IPv6 [true], sendfile [true], accept filters [false], random [true].
九月 07, 2017 3:32:55 下午 org.apache.catalina.core.AprLifecycleListener initializeSSL
信息: OpenSSL successfully initialized (OpenSSL 1.0.1h 5 Jun 2014)
九月 07, 2017 3:32:56 下午 org.apache.coyote.AbstractProtocol init
信息: Initializing ProtocolHandler ["http-apr-8181"]
九月 07, 2017 3:32:56 下午 org.apache.coyote.AbstractProtocol init
信息: Initializing ProtocolHandler ["ajp-apr-8009"]
九月 07, 2017 3:32:56 下午 org.apache.catalina.startup.Catalina load
信息: Initialization processed in 1415 ms
九月 07, 2017 3:32:56 下午 org.apache.catalina.core.StandardService startInternal
信息: Starting service Catalina
九月 07, 2017 3:32:56 下午 org.apache.catalina.core.StandardEngine startInternal
信息: Starting Servlet Engine: Apache Tomcat/7.0.55
九月 07, 2017 3:32:56 下午 org.apache.catalina.startup.HostConfig deployDirectory
信息: Deploying web application directory D:\JTM-MCMS-4.6.1\apache-tomcat-7.0.55\webapps\ROOT
九月 07, 2017 3:32:56 下午 org.apache.catalina.loader.WebappClassLoader validateJarFile
信息: validateJarFile(D:\JTM-MCMS-4.6.1\apache-tomcat-7.0.55\webapps\ROOT\WEB-INF\lib\javax.servlet-api-3.1.0.jar) - jar not loaded. See Servlet Spec 3.0, section 10.7.2. Offending class: javax/servlet/Servlet.class
九月 07, 2017 3:33:36 下午 org.apache.catalina.startup.HostConfig deployDirectory
信息: Deployment of web application directory D:\JTM-MCMS-4.6.1\apache-tomcat-7.0.55\webapps\ROOT has finished in 40,487 ms
九月 07, 2017 3:33:36 下午 org.apache.coyote.AbstractProtocol start
信息: Starting ProtocolHandler ["http-apr-8181"]
九月 07, 2017 3:33:36 下午 org.apache.coyote.AbstractProtocol start
信息: Starting ProtocolHandler ["ajp-apr-8009"]
九月 07, 2017 3:33:36 下午 org.apache.catalina.startup.Catalina start
信息: Server startup in 40564 ms
九月 07, 2017 3:34:26 下午 org.apache.coyote.AbstractProtocol pause
信息: Pausing ProtocolHandler ["http-apr-8181"]
九月 07, 2017 3:34:26 下午 org.apache.coyote.AbstractProtocol pause
信息: Pausing ProtocolHandler ["ajp-apr-8009"]
九月 07, 2017 3:34:26 下午 org.apache.catalina.core.StandardService stopInternal
信息: Stopping service Catalina
九月 07, 2017 3:34:26 下午 org.apache.catalina.loader.WebappClassLoader clearReferencesJdbc
严重: The web application [] registered the JDBC driver [com.alibaba.druid.proxy.DruidDriver] but failed to unregister it when the web application was stopped. To prevent a memory leak, the JDBC Driver has been forcibly unregistered.
九月 07, 2017 3:34:26 下午 org.apache.catalina.loader.WebappClassLoader clearReferencesJdbc
严重: The web application [] registered the JDBC driver [com.mysql.jdbc.Driver] but failed to unregister it when the web application was stopped. To prevent a memory leak, the JDBC Driver has been forcibly unregistered.
九月 07, 2017 3:34:26 下午 org.apache.catalina.loader.WebappClassLoader clearReferencesThreads
严重: The web application [] appears to have started a thread named [Abandoned connection cleanup thread] but has failed to stop it. This is very likely to create a memory leak.
九月 07, 2017 3:34:26 下午 org.apache.coyote.AbstractProtocol stop
信息: Stopping ProtocolHandler ["http-apr-8181"]
九月 07, 2017 3:34:26 下午 org.apache.coyote.AbstractProtocol stop
信息: Stopping ProtocolHandler ["ajp-apr-8009"]
