三月 23, 2018 5:18:39 下午 org.apache.catalina.core.ApplicationContext log
信息: No Spring WebApplicationInitializer types detected on classpath
三月 23, 2018 5:18:39 下午 org.apache.catalina.core.ApplicationContext log
信息: Initializing Spring root WebApplicationContext
三月 23, 2018 5:18:54 下午 org.apache.catalina.core.ApplicationContext log
信息: Initializing Spring FrameworkServlet 'springMvc'
三月 23, 2018 5:26:26 下午 org.apache.catalina.core.ApplicationContext log
信息: Destroying Spring FrameworkServlet 'springMvc'
三月 23, 2018 5:26:26 下午 org.apache.catalina.core.ApplicationContext log
信息: Closing Spring root WebApplicationContext
三月 23, 2018 5:26:26 下午 org.apache.catalina.core.StandardContext listenerStop
严重: Exception sending context destroyed event to listener instance of class org.springframework.web.context.ContextLoaderListener
java.lang.NoClassDefFoundError: org/apache/log4j/spi/ThrowableInformation
	at org.apache.log4j.spi.LoggingEvent.<init>(LoggingEvent.java:165)
	at org.apache.log4j.Category.forcedLog(Category.java:391)
	at org.apache.log4j.Category.log(Category.java:856)
	at org.slf4j.impl.Log4jLoggerAdapter.log(Log4jLoggerAdapter.java:581)
	at org.apache.commons.logging.impl.SLF4JLocationAwareLog.error(SLF4JLocationAwareLog.java:216)
	at org.springframework.beans.factory.support.DefaultSingletonBeanRegistry.destroyBean(DefaultSingletonBeanRegistry.java:581)
	at org.springframework.beans.factory.support.DefaultSingletonBeanRegistry.destroySingleton(DefaultSingletonBeanRegistry.java:554)
	at org.springframework.beans.factory.support.DefaultListableBeanFactory.destroySingleton(DefaultListableBeanFactory.java:975)
	at org.springframework.beans.factory.support.DefaultSingletonBeanRegistry.destroySingletons(DefaultSingletonBeanRegistry.java:523)
	at org.springframework.beans.factory.support.DefaultListableBeanFactory.destroySingletons(DefaultListableBeanFactory.java:982)
	at org.springframework.context.support.AbstractApplicationContext.destroyBeans(AbstractApplicationContext.java:1028)
	at org.springframework.context.support.AbstractApplicationContext.doClose(AbstractApplicationContext.java:1004)
	at org.springframework.context.support.AbstractApplicationContext.close(AbstractApplicationContext.java:956)
	at org.springframework.web.context.ContextLoader.closeWebApplicationContext(ContextLoader.java:581)
	at org.springframework.web.context.ContextLoaderListener.contextDestroyed(ContextLoaderListener.java:116)
	at org.apache.catalina.core.StandardContext.listenerStop(StandardContext.java:5033)
	at org.apache.catalina.core.StandardContext.stopInternal(StandardContext.java:5685)
	at org.apache.catalina.util.LifecycleBase.stop(LifecycleBase.java:232)
	at org.apache.catalina.core.StandardContext.reload(StandardContext.java:4000)
	at org.apache.catalina.startup.HostConfig.reload(HostConfig.java:1482)
	at org.apache.catalina.startup.HostConfig.checkResources(HostConfig.java:1465)
	at org.apache.catalina.startup.HostConfig.check(HostConfig.java:1649)
	at org.apache.catalina.startup.HostConfig.lifecycleEvent(HostConfig.java:328)
	at org.apache.catalina.util.LifecycleSupport.fireLifecycleEvent(LifecycleSupport.java:117)
	at org.apache.catalina.util.LifecycleBase.fireLifecycleEvent(LifecycleBase.java:90)
	at org.apache.catalina.core.ContainerBase.backgroundProcess(ContainerBase.java:1374)
	at org.apache.catalina.core.ContainerBase$ContainerBackgroundProcessor.processChildren(ContainerBase.java:1546)
	at org.apache.catalina.core.ContainerBase$ContainerBackgroundProcessor.processChildren(ContainerBase.java:1556)
	at org.apache.catalina.core.ContainerBase$ContainerBackgroundProcessor.run(ContainerBase.java:1524)
	at java.lang.Thread.run(Thread.java:744)
Caused by: java.lang.ClassNotFoundException: org.apache.log4j.spi.ThrowableInformation
	at org.apache.catalina.loader.WebappClassLoader.loadClass(WebappClassLoader.java:1720)
	at org.apache.catalina.loader.WebappClassLoader.loadClass(WebappClassLoader.java:1571)
	... 30 more

三月 23, 2018 5:26:48 下午 org.apache.catalina.core.ApplicationContext log
信息: No Spring WebApplicationInitializer types detected on classpath
三月 23, 2018 5:26:48 下午 org.apache.catalina.core.ApplicationContext log
信息: Initializing Spring root WebApplicationContext
三月 23, 2018 5:26:58 下午 org.apache.catalina.core.ApplicationContext log
信息: Initializing Spring FrameworkServlet 'springMvc'
三月 23, 2018 5:26:58 下午 org.apache.catalina.core.ApplicationContext log
信息: Destroying Spring FrameworkServlet 'springMvc'
三月 23, 2018 5:26:58 下午 org.apache.catalina.core.ApplicationContext log
信息: Closing Spring root WebApplicationContext
三月 23, 2018 5:27:27 下午 org.apache.catalina.core.ApplicationContext log
信息: No Spring WebApplicationInitializer types detected on classpath
三月 23, 2018 5:27:27 下午 org.apache.catalina.core.ApplicationContext log
信息: Initializing Spring root WebApplicationContext
三月 23, 2018 5:27:37 下午 org.apache.catalina.core.ApplicationContext log
信息: Initializing Spring FrameworkServlet 'springMvc'
三月 23, 2018 5:30:05 下午 org.apache.catalina.core.ApplicationContext log
信息: Destroying Spring FrameworkServlet 'springMvc'
三月 23, 2018 5:30:05 下午 org.apache.catalina.core.ApplicationContext log
信息: Closing Spring root WebApplicationContext
