
2018-03-23 17:18:26 Commons Daemon procrun stderr initialized
三月 23, 2018 5:18:26 下午 org.apache.catalina.startup.Catalina initDirs
严重: Cannot find specified temporary folder at D:\test\JTM-MCMS-4.6.1\apache-tomcat-7.0.55\temp
三月 23, 2018 5:18:27 下午 org.apache.catalina.core.AprLifecycleListener init
信息: Loaded APR based Apache Tomcat Native library 1.1.31 using APR version 1.4.8.
三月 23, 2018 5:18:27 下午 org.apache.catalina.core.AprLifecycleListener init
信息: APR capabilities: IPv6 [true], sendfile [true], accept filters [false], random [true].
三月 23, 2018 5:18:27 下午 org.apache.catalina.core.AprLifecycleListener initializeSSL
信息: OpenSSL successfully initialized (OpenSSL 1.0.1h 5 Jun 2014)
三月 23, 2018 5:18:27 下午 org.apache.coyote.AbstractProtocol init
信息: Initializing ProtocolHandler ["http-apr-8181"]
三月 23, 2018 5:18:27 下午 org.apache.coyote.AbstractProtocol init
信息: Initializing ProtocolHandler ["ajp-apr-8009"]
三月 23, 2018 5:18:27 下午 org.apache.catalina.startup.Catalina load
信息: Initialization processed in 1303 ms
三月 23, 2018 5:18:28 下午 org.apache.catalina.core.StandardService startInternal
信息: Starting service Catalina
三月 23, 2018 5:18:28 下午 org.apache.catalina.core.StandardEngine startInternal
信息: Starting Servlet Engine: Apache Tomcat/7.0.55
三月 23, 2018 5:18:28 下午 org.apache.catalina.startup.HostConfig deployDirectory
信息: Deploying web application directory D:\test\JTM-MCMS-4.6.1\apache-tomcat-7.0.55\webapps\ROOT
三月 23, 2018 5:18:28 下午 org.apache.catalina.loader.WebappClassLoader validateJarFile
信息: validateJarFile(D:\test\JTM-MCMS-4.6.1\apache-tomcat-7.0.55\webapps\ROOT\WEB-INF\lib\javax.servlet-api-3.1.0.jar) - jar not loaded. See Servlet Spec 3.0, section 10.7.2. Offending class: javax/servlet/Servlet.class
三月 23, 2018 5:18:56 下午 org.apache.catalina.startup.HostConfig deployDirectory
信息: Deployment of web application directory D:\test\JTM-MCMS-4.6.1\apache-tomcat-7.0.55\webapps\ROOT has finished in 28,409 ms
三月 23, 2018 5:18:56 下午 org.apache.coyote.AbstractProtocol start
信息: Starting ProtocolHandler ["http-apr-8181"]
三月 23, 2018 5:18:56 下午 org.apache.coyote.AbstractProtocol start
信息: Starting ProtocolHandler ["ajp-apr-8009"]
三月 23, 2018 5:18:56 下午 org.apache.catalina.startup.Catalina start
信息: Server startup in 28465 ms
三月 23, 2018 5:26:26 下午 org.apache.catalina.startup.HostConfig reload
信息: Reloading context []
三月 23, 2018 5:26:26 下午 org.apache.catalina.core.StandardContext reload
信息: Reloading Context with name [] has started
三月 23, 2018 5:26:27 下午 org.apache.catalina.loader.WebappClassLoader clearReferencesJdbc
严重: The web application [] registered the JDBC driver [com.alibaba.druid.proxy.DruidDriver] but failed to unregister it when the web application was stopped. To prevent a memory leak, the JDBC Driver has been forcibly unregistered.
三月 23, 2018 5:26:27 下午 org.apache.catalina.loader.WebappClassLoader clearReferencesJdbc
严重: The web application [] registered the JDBC driver [com.mysql.jdbc.Driver] but failed to unregister it when the web application was stopped. To prevent a memory leak, the JDBC Driver has been forcibly unregistered.
三月 23, 2018 5:26:27 下午 org.apache.catalina.loader.WebappClassLoader clearReferencesThreads
严重: The web application [] appears to have started a thread named [Abandoned connection cleanup thread] but has failed to stop it. This is very likely to create a memory leak.
三月 23, 2018 5:26:27 下午 org.apache.catalina.loader.WebappClassLoader clearReferencesThreads
严重: The web application [] appears to have started a thread named [Druid-ConnectionPool-Create-23147639] but has failed to stop it. This is very likely to create a memory leak.
三月 23, 2018 5:26:27 下午 org.apache.catalina.loader.WebappClassLoader clearReferencesThreads
严重: The web application [] appears to have started a thread named [Druid-ConnectionPool-Destroy-23147639] but has failed to stop it. This is very likely to create a memory leak.
三月 23, 2018 5:26:27 下午 org.apache.catalina.core.StandardContext reload
信息: Reloading Context with name [] is completed
三月 23, 2018 5:26:37 下午 org.apache.catalina.startup.HostConfig reload
信息: Reloading context []
三月 23, 2018 5:26:37 下午 org.apache.catalina.core.StandardContext reload
信息: Reloading Context with name [] has started
三月 23, 2018 5:26:38 下午 org.apache.catalina.loader.WebappClassLoader validateJarFile
信息: validateJarFile(D:\test\JTM-MCMS-4.6.1\apache-tomcat-7.0.55\webapps\ROOT\WEB-INF\lib\javax.servlet-api-3.1.0.jar) - jar not loaded. See Servlet Spec 3.0, section 10.7.2. Offending class: javax/servlet/Servlet.class
三月 23, 2018 5:26:48 下午 org.apache.catalina.startup.TaglibUriRule body
信息: TLD skipped. URI: http://shiro.apache.org/tags is already defined
三月 23, 2018 5:26:54 下午 org.apache.coyote.AbstractProtocol pause
信息: Pausing ProtocolHandler ["http-apr-8181"]
三月 23, 2018 5:26:54 下午 org.apache.coyote.AbstractProtocol pause
信息: Pausing ProtocolHandler ["ajp-apr-8009"]
三月 23, 2018 5:26:54 下午 org.apache.catalina.core.StandardService stopInternal
信息: Stopping service Catalina
三月 23, 2018 5:26:58 下午 org.apache.catalina.core.StandardContext reload
信息: Reloading Context with name [] is completed
三月 23, 2018 5:26:58 下午 org.apache.catalina.loader.WebappClassLoader clearReferencesJdbc
严重: The web application [] registered the JDBC driver [com.alibaba.druid.proxy.DruidDriver] but failed to unregister it when the web application was stopped. To prevent a memory leak, the JDBC Driver has been forcibly unregistered.
三月 23, 2018 5:26:58 下午 org.apache.catalina.loader.WebappClassLoader clearReferencesJdbc
严重: The web application [] registered the JDBC driver [com.mysql.jdbc.Driver] but failed to unregister it when the web application was stopped. To prevent a memory leak, the JDBC Driver has been forcibly unregistered.
三月 23, 2018 5:26:58 下午 org.apache.catalina.loader.WebappClassLoader clearReferencesThreads
严重: The web application [] appears to have started a thread named [Abandoned connection cleanup thread] but has failed to stop it. This is very likely to create a memory leak.
三月 23, 2018 5:26:58 下午 org.apache.coyote.AbstractProtocol stop
信息: Stopping ProtocolHandler ["http-apr-8181"]
三月 23, 2018 5:26:58 下午 org.apache.coyote.AbstractProtocol stop
信息: Stopping ProtocolHandler ["ajp-apr-8009"]

2018-03-23 17:27:13 Commons Daemon procrun stderr initialized
三月 23, 2018 5:27:13 下午 org.apache.catalina.startup.Catalina initDirs
严重: Cannot find specified temporary folder at D:\test\JTM-MCMS-4.6.1\apache-tomcat-7.0.55\temp
三月 23, 2018 5:27:13 下午 org.apache.catalina.core.AprLifecycleListener init
信息: Loaded APR based Apache Tomcat Native library 1.1.31 using APR version 1.4.8.
三月 23, 2018 5:27:13 下午 org.apache.catalina.core.AprLifecycleListener init
信息: APR capabilities: IPv6 [true], sendfile [true], accept filters [false], random [true].
三月 23, 2018 5:27:14 下午 org.apache.catalina.core.AprLifecycleListener initializeSSL
信息: OpenSSL successfully initialized (OpenSSL 1.0.1h 5 Jun 2014)
三月 23, 2018 5:27:14 下午 org.apache.coyote.AbstractProtocol init
信息: Initializing ProtocolHandler ["http-apr-8181"]
三月 23, 2018 5:27:14 下午 org.apache.coyote.AbstractProtocol init
信息: Initializing ProtocolHandler ["ajp-apr-8009"]
三月 23, 2018 5:27:14 下午 org.apache.catalina.startup.Catalina load
信息: Initialization processed in 1401 ms
三月 23, 2018 5:27:14 下午 org.apache.catalina.core.StandardService startInternal
信息: Starting service Catalina
三月 23, 2018 5:27:14 下午 org.apache.catalina.core.StandardEngine startInternal
信息: Starting Servlet Engine: Apache Tomcat/7.0.55
三月 23, 2018 5:27:14 下午 org.apache.catalina.startup.HostConfig deployDirectory
信息: Deploying web application directory D:\test\JTM-MCMS-4.6.1\apache-tomcat-7.0.55\webapps\ROOT
三月 23, 2018 5:27:15 下午 org.apache.catalina.loader.WebappClassLoader validateJarFile
信息: validateJarFile(D:\test\JTM-MCMS-4.6.1\apache-tomcat-7.0.55\webapps\ROOT\WEB-INF\lib\javax.servlet-api-3.1.0.jar) - jar not loaded. See Servlet Spec 3.0, section 10.7.2. Offending class: javax/servlet/Servlet.class
三月 23, 2018 5:27:27 下午 org.apache.catalina.startup.TaglibUriRule body
信息: TLD skipped. URI: http://shiro.apache.org/tags is already defined
三月 23, 2018 5:27:37 下午 org.apache.catalina.startup.HostConfig deployDirectory
信息: Deployment of web application directory D:\test\JTM-MCMS-4.6.1\apache-tomcat-7.0.55\webapps\ROOT has finished in 22,862 ms
三月 23, 2018 5:27:37 下午 org.apache.coyote.AbstractProtocol start
信息: Starting ProtocolHandler ["http-apr-8181"]
三月 23, 2018 5:27:37 下午 org.apache.coyote.AbstractProtocol start
信息: Starting ProtocolHandler ["ajp-apr-8009"]
三月 23, 2018 5:27:37 下午 org.apache.catalina.startup.Catalina start
信息: Server startup in 22933 ms
三月 23, 2018 5:30:05 下午 org.apache.coyote.AbstractProtocol pause
信息: Pausing ProtocolHandler ["http-apr-8181"]
三月 23, 2018 5:30:05 下午 org.apache.coyote.AbstractProtocol pause
信息: Pausing ProtocolHandler ["ajp-apr-8009"]
三月 23, 2018 5:30:05 下午 org.apache.catalina.core.StandardService stopInternal
信息: Stopping service Catalina
三月 23, 2018 5:30:05 下午 org.apache.catalina.loader.WebappClassLoader clearReferencesJdbc
严重: The web application [] registered the JDBC driver [com.alibaba.druid.proxy.DruidDriver] but failed to unregister it when the web application was stopped. To prevent a memory leak, the JDBC Driver has been forcibly unregistered.
三月 23, 2018 5:30:05 下午 org.apache.catalina.loader.WebappClassLoader clearReferencesJdbc
严重: The web application [] registered the JDBC driver [com.mysql.jdbc.Driver] but failed to unregister it when the web application was stopped. To prevent a memory leak, the JDBC Driver has been forcibly unregistered.
三月 23, 2018 5:30:05 下午 org.apache.catalina.loader.WebappClassLoader clearReferencesThreads
严重: The web application [] appears to have started a thread named [Abandoned connection cleanup thread] but has failed to stop it. This is very likely to create a memory leak.
三月 23, 2018 5:30:05 下午 org.apache.catalina.loader.WebappClassLoader checkThreadLocalMapForLeaks
严重: The web application [] created a ThreadLocal with key of type [java.lang.ThreadLocal] (value [java.lang.ThreadLocal@14dcf25]) and a value of type [org.apache.shiro.web.servlet.ShiroHttpServletRequest] (value [org.apache.shiro.web.servlet.ShiroHttpServletRequest@15aabbc]) but failed to remove it when the web application was stopped. Threads are going to be renewed over time to try and avoid a probable memory leak.
三月 23, 2018 5:30:05 下午 org.apache.catalina.loader.WebappClassLoader checkThreadLocalMapForLeaks
严重: The web application [] created a ThreadLocal with key of type [java.lang.ThreadLocal] (value [java.lang.ThreadLocal@1c0cd91]) and a value of type [com.alibaba.druid.support.http.WebStatFilter.StatHttpServletResponseWrapper] (value [com.alibaba.druid.support.http.WebStatFilter$StatHttpServletResponseWrapper@f7fdf4]) but failed to remove it when the web application was stopped. Threads are going to be renewed over time to try and avoid a probable memory leak.
三月 23, 2018 5:30:05 下午 org.apache.catalina.loader.WebappClassLoader checkThreadLocalMapForLeaks
严重: The web application [] created a ThreadLocal with key of type [java.lang.ThreadLocal] (value [java.lang.ThreadLocal@14dcf25]) and a value of type [org.apache.shiro.web.servlet.ShiroHttpServletRequest] (value [org.apache.shiro.web.servlet.ShiroHttpServletRequest@141a8ed]) but failed to remove it when the web application was stopped. Threads are going to be renewed over time to try and avoid a probable memory leak.
三月 23, 2018 5:30:05 下午 org.apache.catalina.loader.WebappClassLoader checkThreadLocalMapForLeaks
严重: The web application [] created a ThreadLocal with key of type [java.lang.ThreadLocal] (value [java.lang.ThreadLocal@1c0cd91]) and a value of type [com.alibaba.druid.support.http.WebStatFilter.StatHttpServletResponseWrapper] (value [com.alibaba.druid.support.http.WebStatFilter$StatHttpServletResponseWrapper@1b972b6]) but failed to remove it when the web application was stopped. Threads are going to be renewed over time to try and avoid a probable memory leak.
三月 23, 2018 5:30:05 下午 org.apache.catalina.loader.WebappClassLoader checkThreadLocalMapForLeaks
严重: The web application [] created a ThreadLocal with key of type [java.lang.ThreadLocal] (value [java.lang.ThreadLocal@14dcf25]) and a value of type [org.apache.shiro.web.servlet.ShiroHttpServletRequest] (value [org.apache.shiro.web.servlet.ShiroHttpServletRequest@15845d0]) but failed to remove it when the web application was stopped. Threads are going to be renewed over time to try and avoid a probable memory leak.
三月 23, 2018 5:30:05 下午 org.apache.catalina.loader.WebappClassLoader checkThreadLocalMapForLeaks
严重: The web application [] created a ThreadLocal with key of type [java.lang.ThreadLocal] (value [java.lang.ThreadLocal@1c0cd91]) and a value of type [com.alibaba.druid.support.http.WebStatFilter.StatHttpServletResponseWrapper] (value [com.alibaba.druid.support.http.WebStatFilter$StatHttpServletResponseWrapper@4f8da4]) but failed to remove it when the web application was stopped. Threads are going to be renewed over time to try and avoid a probable memory leak.
三月 23, 2018 5:30:05 下午 org.apache.catalina.loader.WebappClassLoader checkThreadLocalMapForLeaks
严重: The web application [] created a ThreadLocal with key of type [java.lang.ThreadLocal] (value [java.lang.ThreadLocal@14dcf25]) and a value of type [org.apache.shiro.web.servlet.ShiroHttpServletRequest] (value [org.apache.shiro.web.servlet.ShiroHttpServletRequest@dc26dd]) but failed to remove it when the web application was stopped. Threads are going to be renewed over time to try and avoid a probable memory leak.
三月 23, 2018 5:30:05 下午 org.apache.catalina.loader.WebappClassLoader checkThreadLocalMapForLeaks
严重: The web application [] created a ThreadLocal with key of type [java.lang.ThreadLocal] (value [java.lang.ThreadLocal@1c0cd91]) and a value of type [com.alibaba.druid.support.http.WebStatFilter.StatHttpServletResponseWrapper] (value [com.alibaba.druid.support.http.WebStatFilter$StatHttpServletResponseWrapper@17bb007]) but failed to remove it when the web application was stopped. Threads are going to be renewed over time to try and avoid a probable memory leak.
三月 23, 2018 5:30:05 下午 org.apache.catalina.loader.WebappClassLoader checkThreadLocalMapForLeaks
严重: The web application [] created a ThreadLocal with key of type [java.lang.ThreadLocal] (value [java.lang.ThreadLocal@14dcf25]) and a value of type [org.apache.shiro.web.servlet.ShiroHttpServletRequest] (value [org.apache.shiro.web.servlet.ShiroHttpServletRequest@161b806]) but failed to remove it when the web application was stopped. Threads are going to be renewed over time to try and avoid a probable memory leak.
三月 23, 2018 5:30:05 下午 org.apache.catalina.loader.WebappClassLoader checkThreadLocalMapForLeaks
严重: The web application [] created a ThreadLocal with key of type [java.lang.ThreadLocal] (value [java.lang.ThreadLocal@1c0cd91]) and a value of type [com.alibaba.druid.support.http.WebStatFilter.StatHttpServletResponseWrapper] (value [com.alibaba.druid.support.http.WebStatFilter$StatHttpServletResponseWrapper@789eee]) but failed to remove it when the web application was stopped. Threads are going to be renewed over time to try and avoid a probable memory leak.
三月 23, 2018 5:30:05 下午 org.apache.catalina.loader.WebappClassLoader checkThreadLocalMapForLeaks
严重: The web application [] created a ThreadLocal with key of type [java.lang.ThreadLocal] (value [java.lang.ThreadLocal@14dcf25]) and a value of type [org.apache.shiro.web.servlet.ShiroHttpServletRequest] (value [org.apache.shiro.web.servlet.ShiroHttpServletRequest@10a4bb6]) but failed to remove it when the web application was stopped. Threads are going to be renewed over time to try and avoid a probable memory leak.
三月 23, 2018 5:30:05 下午 org.apache.catalina.loader.WebappClassLoader checkThreadLocalMapForLeaks
严重: The web application [] created a ThreadLocal with key of type [java.lang.ThreadLocal] (value [java.lang.ThreadLocal@1c0cd91]) and a value of type [com.alibaba.druid.support.http.WebStatFilter.StatHttpServletResponseWrapper] (value [com.alibaba.druid.support.http.WebStatFilter$StatHttpServletResponseWrapper@f0bb16]) but failed to remove it when the web application was stopped. Threads are going to be renewed over time to try and avoid a probable memory leak.
三月 23, 2018 5:30:05 下午 org.apache.catalina.loader.WebappClassLoader checkThreadLocalMapForLeaks
严重: The web application [] created a ThreadLocal with key of type [java.lang.ThreadLocal] (value [java.lang.ThreadLocal@14dcf25]) and a value of type [org.apache.shiro.web.servlet.ShiroHttpServletRequest] (value [org.apache.shiro.web.servlet.ShiroHttpServletRequest@8aa6f6]) but failed to remove it when the web application was stopped. Threads are going to be renewed over time to try and avoid a probable memory leak.
三月 23, 2018 5:30:05 下午 org.apache.catalina.loader.WebappClassLoader checkThreadLocalMapForLeaks
严重: The web application [] created a ThreadLocal with key of type [java.lang.ThreadLocal] (value [java.lang.ThreadLocal@1c0cd91]) and a value of type [com.alibaba.druid.support.http.WebStatFilter.StatHttpServletResponseWrapper] (value [com.alibaba.druid.support.http.WebStatFilter$StatHttpServletResponseWrapper@d7829b]) but failed to remove it when the web application was stopped. Threads are going to be renewed over time to try and avoid a probable memory leak.
三月 23, 2018 5:30:05 下午 org.apache.catalina.loader.WebappClassLoader checkThreadLocalMapForLeaks
严重: The web application [] created a ThreadLocal with key of type [java.lang.ThreadLocal] (value [java.lang.ThreadLocal@14dcf25]) and a value of type [org.apache.shiro.web.servlet.ShiroHttpServletRequest] (value [org.apache.shiro.web.servlet.ShiroHttpServletRequest@bf9ce8]) but failed to remove it when the web application was stopped. Threads are going to be renewed over time to try and avoid a probable memory leak.
三月 23, 2018 5:30:05 下午 org.apache.catalina.loader.WebappClassLoader checkThreadLocalMapForLeaks
严重: The web application [] created a ThreadLocal with key of type [java.lang.ThreadLocal] (value [java.lang.ThreadLocal@1c0cd91]) and a value of type [com.alibaba.druid.support.http.WebStatFilter.StatHttpServletResponseWrapper] (value [com.alibaba.druid.support.http.WebStatFilter$StatHttpServletResponseWrapper@1d647d4]) but failed to remove it when the web application was stopped. Threads are going to be renewed over time to try and avoid a probable memory leak.
三月 23, 2018 5:30:05 下午 org.apache.catalina.loader.WebappClassLoader checkThreadLocalMapForLeaks
严重: The web application [] created a ThreadLocal with key of type [java.lang.ThreadLocal] (value [java.lang.ThreadLocal@14dcf25]) and a value of type [org.apache.shiro.web.servlet.ShiroHttpServletRequest] (value [org.apache.shiro.web.servlet.ShiroHttpServletRequest@105de66]) but failed to remove it when the web application was stopped. Threads are going to be renewed over time to try and avoid a probable memory leak.
三月 23, 2018 5:30:05 下午 org.apache.catalina.loader.WebappClassLoader checkThreadLocalMapForLeaks
严重: The web application [] created a ThreadLocal with key of type [java.lang.ThreadLocal] (value [java.lang.ThreadLocal@1c0cd91]) and a value of type [com.alibaba.druid.support.http.WebStatFilter.StatHttpServletResponseWrapper] (value [com.alibaba.druid.support.http.WebStatFilter$StatHttpServletResponseWrapper@4c2418]) but failed to remove it when the web application was stopped. Threads are going to be renewed over time to try and avoid a probable memory leak.
三月 23, 2018 5:30:05 下午 org.apache.catalina.loader.WebappClassLoader checkThreadLocalMapForLeaks
严重: The web application [] created a ThreadLocal with key of type [java.lang.ThreadLocal] (value [java.lang.ThreadLocal@14dcf25]) and a value of type [org.apache.shiro.web.servlet.ShiroHttpServletRequest] (value [org.apache.shiro.web.servlet.ShiroHttpServletRequest@d5d0f1]) but failed to remove it when the web application was stopped. Threads are going to be renewed over time to try and avoid a probable memory leak.
三月 23, 2018 5:30:05 下午 org.apache.catalina.loader.WebappClassLoader checkThreadLocalMapForLeaks
严重: The web application [] created a ThreadLocal with key of type [java.lang.ThreadLocal] (value [java.lang.ThreadLocal@1c0cd91]) and a value of type [com.alibaba.druid.support.http.WebStatFilter.StatHttpServletResponseWrapper] (value [com.alibaba.druid.support.http.WebStatFilter$StatHttpServletResponseWrapper@188b710]) but failed to remove it when the web application was stopped. Threads are going to be renewed over time to try and avoid a probable memory leak.
三月 23, 2018 5:30:05 下午 org.apache.coyote.AbstractProtocol stop
信息: Stopping ProtocolHandler ["http-apr-8181"]
三月 23, 2018 5:30:05 下午 org.apache.coyote.AbstractProtocol stop
信息: Stopping ProtocolHandler ["ajp-apr-8009"]
