
2018-04-09 15:27:53 Commons Daemon procrun stderr initialized
四月 09, 2018 3:27:53 下午 org.apache.catalina.startup.Catalina initDirs
严重: Cannot find specified temporary folder at D:\JTM-MCMS-4.6.2\apache-tomcat-7.0.55\temp
四月 09, 2018 3:27:54 下午 org.apache.catalina.core.AprLifecycleListener init
信息: Loaded APR based Apache Tomcat Native library 1.1.31 using APR version 1.4.8.
四月 09, 2018 3:27:54 下午 org.apache.catalina.core.AprLifecycleListener init
信息: APR capabilities: IPv6 [true], sendfile [true], accept filters [false], random [true].
四月 09, 2018 3:27:54 下午 org.apache.catalina.core.AprLifecycleListener initializeSSL
信息: OpenSSL successfully initialized (OpenSSL 1.0.1h 5 Jun 2014)
四月 09, 2018 3:27:54 下午 org.apache.coyote.AbstractProtocol init
信息: Initializing ProtocolHandler ["http-apr-8181"]
四月 09, 2018 3:27:54 下午 org.apache.coyote.AbstractProtocol init
信息: Initializing ProtocolHandler ["ajp-apr-8009"]
四月 09, 2018 3:27:54 下午 org.apache.catalina.startup.Catalina load
信息: Initialization processed in 1167 ms
四月 09, 2018 3:27:54 下午 org.apache.catalina.core.StandardService startInternal
信息: Starting service Catalina
四月 09, 2018 3:27:54 下午 org.apache.catalina.core.StandardEngine startInternal
信息: Starting Servlet Engine: Apache Tomcat/7.0.55
四月 09, 2018 3:27:55 下午 org.apache.catalina.startup.HostConfig deployDirectory
信息: Deploying web application directory D:\JTM-MCMS-4.6.2\apache-tomcat-7.0.55\webapps\ROOT
四月 09, 2018 3:27:55 下午 org.apache.catalina.loader.WebappClassLoader validateJarFile
信息: validateJarFile(D:\JTM-MCMS-4.6.2\apache-tomcat-7.0.55\webapps\ROOT\WEB-INF\lib\javax.servlet-api-3.1.0.jar) - jar not loaded. See Servlet Spec 3.0, section 10.7.2. Offending class: javax/servlet/Servlet.class
四月 09, 2018 3:28:06 下午 org.apache.catalina.startup.TaglibUriRule body
信息: TLD skipped. URI: http://shiro.apache.org/tags is already defined
四月 09, 2018 3:28:17 下午 org.apache.catalina.startup.HostConfig deployDirectory
信息: Deployment of web application directory D:\JTM-MCMS-4.6.2\apache-tomcat-7.0.55\webapps\ROOT has finished in 22,949 ms
四月 09, 2018 3:28:17 下午 org.apache.coyote.AbstractProtocol start
信息: Starting ProtocolHandler ["http-apr-8181"]
四月 09, 2018 3:28:17 下午 org.apache.coyote.AbstractProtocol start
信息: Starting ProtocolHandler ["ajp-apr-8009"]
四月 09, 2018 3:28:17 下午 org.apache.catalina.startup.Catalina start
信息: Server startup in 22980 ms
四月 09, 2018 3:31:15 下午 org.apache.coyote.AbstractProtocol pause
信息: Pausing ProtocolHandler ["http-apr-8181"]
四月 09, 2018 3:31:15 下午 org.apache.coyote.AbstractProtocol pause
信息: Pausing ProtocolHandler ["ajp-apr-8009"]
四月 09, 2018 3:31:15 下午 org.apache.catalina.core.StandardService stopInternal
信息: Stopping service Catalina
四月 09, 2018 3:31:15 下午 org.apache.catalina.loader.WebappClassLoader clearReferencesJdbc
严重: The web application [] registered the JDBC driver [com.alibaba.druid.proxy.DruidDriver] but failed to unregister it when the web application was stopped. To prevent a memory leak, the JDBC Driver has been forcibly unregistered.
四月 09, 2018 3:31:15 下午 org.apache.catalina.loader.WebappClassLoader clearReferencesJdbc
严重: The web application [] registered the JDBC driver [com.mysql.jdbc.Driver] but failed to unregister it when the web application was stopped. To prevent a memory leak, the JDBC Driver has been forcibly unregistered.
四月 09, 2018 3:31:15 下午 org.apache.catalina.loader.WebappClassLoader clearReferencesThreads
严重: The web application [] appears to have started a thread named [Abandoned connection cleanup thread] but has failed to stop it. This is very likely to create a memory leak.
四月 09, 2018 3:31:15 下午 org.apache.catalina.loader.WebappClassLoader checkThreadLocalMapForLeaks
严重: The web application [] created a ThreadLocal with key of type [org.apache.shiro.util.ThreadContext.InheritableThreadLocalMap] (value [org.apache.shiro.util.ThreadContext$InheritableThreadLocalMap@af72a]) and a value of type [java.util.HashMap] (value [{org.apache.shiro.util.ThreadContext_SECURITY_MANAGER_KEY=org.apache.shiro.web.mgt.DefaultWebSecurityManager@1e9159b, org.apache.shiro.util.ThreadContext_SUBJECT_KEY=org.apache.shiro.web.subject.support.WebDelegatingSubject@1899e26}]) but failed to remove it when the web application was stopped. Threads are going to be renewed over time to try and avoid a probable memory leak.
四月 09, 2018 3:31:15 下午 org.apache.catalina.loader.WebappClassLoader checkThreadLocalMapForLeaks
严重: The web application [] created a ThreadLocal with key of type [java.lang.ThreadLocal] (value [java.lang.ThreadLocal@1ee07f2]) and a value of type [org.apache.shiro.web.servlet.ShiroHttpServletRequest] (value [org.apache.shiro.web.servlet.ShiroHttpServletRequest@4bad24]) but failed to remove it when the web application was stopped. Threads are going to be renewed over time to try and avoid a probable memory leak.
四月 09, 2018 3:31:15 下午 org.apache.catalina.loader.WebappClassLoader checkThreadLocalMapForLeaks
严重: The web application [] created a ThreadLocal with key of type [java.lang.ThreadLocal] (value [java.lang.ThreadLocal@541cca]) and a value of type [com.alibaba.druid.support.http.WebStatFilter.StatHttpServletResponseWrapper] (value [com.alibaba.druid.support.http.WebStatFilter$StatHttpServletResponseWrapper@2e30b7]) but failed to remove it when the web application was stopped. Threads are going to be renewed over time to try and avoid a probable memory leak.
四月 09, 2018 3:31:15 下午 org.apache.catalina.loader.WebappClassLoader checkThreadLocalMapForLeaks
严重: The web application [] created a ThreadLocal with key of type [java.lang.ThreadLocal] (value [java.lang.ThreadLocal@541cca]) and a value of type [com.alibaba.druid.support.http.WebStatFilter.StatHttpServletResponseWrapper] (value [com.alibaba.druid.support.http.WebStatFilter$StatHttpServletResponseWrapper@1a3a2dc]) but failed to remove it when the web application was stopped. Threads are going to be renewed over time to try and avoid a probable memory leak.
四月 09, 2018 3:31:15 下午 org.apache.catalina.loader.WebappClassLoader checkThreadLocalMapForLeaks
严重: The web application [] created a ThreadLocal with key of type [java.lang.ThreadLocal] (value [java.lang.ThreadLocal@1ee07f2]) and a value of type [org.apache.shiro.web.servlet.ShiroHttpServletRequest] (value [org.apache.shiro.web.servlet.ShiroHttpServletRequest@192290]) but failed to remove it when the web application was stopped. Threads are going to be renewed over time to try and avoid a probable memory leak.
四月 09, 2018 3:31:15 下午 org.apache.catalina.loader.WebappClassLoader checkThreadLocalMapForLeaks
严重: The web application [] created a ThreadLocal with key of type [java.lang.ThreadLocal] (value [java.lang.ThreadLocal@541cca]) and a value of type [com.alibaba.druid.support.http.WebStatFilter.StatHttpServletResponseWrapper] (value [com.alibaba.druid.support.http.WebStatFilter$StatHttpServletResponseWrapper@2c232b]) but failed to remove it when the web application was stopped. Threads are going to be renewed over time to try and avoid a probable memory leak.
四月 09, 2018 3:31:15 下午 org.apache.catalina.loader.WebappClassLoader checkThreadLocalMapForLeaks
严重: The web application [] created a ThreadLocal with key of type [java.lang.ThreadLocal] (value [java.lang.ThreadLocal@1ee07f2]) and a value of type [org.apache.shiro.web.servlet.ShiroHttpServletRequest] (value [org.apache.shiro.web.servlet.ShiroHttpServletRequest@1b8e665]) but failed to remove it when the web application was stopped. Threads are going to be renewed over time to try and avoid a probable memory leak.
四月 09, 2018 3:31:15 下午 org.apache.catalina.loader.WebappClassLoader checkThreadLocalMapForLeaks
严重: The web application [] created a ThreadLocal with key of type [java.lang.ThreadLocal] (value [java.lang.ThreadLocal@541cca]) and a value of type [com.alibaba.druid.support.http.WebStatFilter.StatHttpServletResponseWrapper] (value [com.alibaba.druid.support.http.WebStatFilter$StatHttpServletResponseWrapper@1e20f5]) but failed to remove it when the web application was stopped. Threads are going to be renewed over time to try and avoid a probable memory leak.
四月 09, 2018 3:31:15 下午 org.apache.catalina.loader.WebappClassLoader checkThreadLocalMapForLeaks
严重: The web application [] created a ThreadLocal with key of type [java.lang.ThreadLocal] (value [java.lang.ThreadLocal@1ee07f2]) and a value of type [org.apache.shiro.web.servlet.ShiroHttpServletRequest] (value [org.apache.shiro.web.servlet.ShiroHttpServletRequest@5c02b]) but failed to remove it when the web application was stopped. Threads are going to be renewed over time to try and avoid a probable memory leak.
四月 09, 2018 3:31:15 下午 org.apache.coyote.AbstractProtocol stop
信息: Stopping ProtocolHandler ["http-apr-8181"]
四月 09, 2018 3:31:15 下午 org.apache.coyote.AbstractProtocol stop
信息: Stopping ProtocolHandler ["ajp-apr-8009"]
